<?xml version="1.0" encoding="UTF-8" ?>
<testsuite errors="1" failures="0" hostname="phand-desktop" name="edu.umd.cs.guitar.ripper.testCNN" tests="1" time="0.0" timestamp="2011-04-05T22:05:33">
  <properties>
[...]
</properties>
  <testcase classname="edu.umd.cs.guitar.ripper.testCNN" name="testCNN" time="0.0020">
    <error message="Forked Java VM exited abnormally. Please note the time in the report does not reflect the time until the VM exit." type="junit.framework.AssertionFailedError">junit.framework.AssertionFailedError: Forked Java VM exited abnormally. Please note the time in the report does not reflect the time until the VM exit.
</error>
  </testcase>
</testsuite>
