<?xml version="1.0" encoding="UTF-8" ?>
<testsuite errors="0" failures="0" hostname="phand-desktop" name="edu.umd.cs.guitar.ripper.testRipperIntegration" tests="2" time="189.643" timestamp="2011-04-18T04:49:22">
  <properties>
[...]
</properties>
  <testcase classname="edu.umd.cs.guitar.ripper.testRipperIntegration" name="testRipperToEFG" time="189.155" />
  <testcase classname="edu.umd.cs.guitar.ripper.testRipperIntegration" name="testEFGToTestCases" time="0.187" />
  <system-out><![CDATA[ERROR  readObjFromFile, configuration.xml not found!!!
Ripping a window http://www.google.com/
Ripping a component body
STEE {c1d71e5c-5c49-409b-a963-23c63a7cf952} {c1d71e5c-5c49-409b-a963-23c63a7cf952}
STEE {c1d71e5c-5c49-409b-a963-23c63a7cf952} {c1d71e5c-5c49-409b-a963-23c63a7cf952}
Debug: edu.umd.cs.guitar.model.WebComponent@3b2b470c NSB Not supported by edu.umd.cs.guitar.event.WebEvent
STEE {c1d71e5c-5c49-409b-a963-23c63a7cf952} {c1d71e5c-5c49-409b-a963-23c63a7cf952}
Debug: edu.umd.cs.guitar.model.WebComponent@3b2b470c NSB Not supported by edu.umd.cs.guitar.event.WebToggleCheckbox
STEE {c1d71e5c-5c49-409b-a963-23c63a7cf952} {c1d71e5c-5c49-409b-a963-23c63a7cf952}
Ripping a component a
ETL http://www.google.com/setprefs?sig=0__Yush0YBCnOtBRMeb59uEBP3K6Y=&suggon=2&prev=http://www.google.com/
STEE {c1d71e5c-5c49-409b-a963-23c63a7cf952} {c1d71e5c-5c49-409b-a963-23c63a7cf952}
STEE {c1d71e5c-5c49-409b-a963-23c63a7cf952} {c1d71e5c-5c49-409b-a963-23c63a7cf952}
Debug: edu.umd.cs.guitar.model.WebComponent@655b7433 NSB Not supported by edu.umd.cs.guitar.event.WebToggleCheckbox
STEE {c1d71e5c-5c49-409b-a963-23c63a7cf952} {c1d71e5c-5c49-409b-a963-23c63a7cf952}
Ripping a component textarea
STEE {c1d71e5c-5c49-409b-a963-23c63a7cf952} {c1d71e5c-5c49-409b-a963-23c63a7cf952}
STEE {c1d71e5c-5c49-409b-a963-23c63a7cf952} {c1d71e5c-5c49-409b-a963-23c63a7cf952}
Debug: edu.umd.cs.guitar.model.WebComponent@21628219 NSB Not supported by edu.umd.cs.guitar.event.WebEvent
STEE {c1d71e5c-5c49-409b-a963-23c63a7cf952} {c1d71e5c-5c49-409b-a963-23c63a7cf952}
Debug: edu.umd.cs.guitar.model.WebComponent@21628219 NSB Not supported by edu.umd.cs.guitar.event.WebToggleCheckbox
STEE {c1d71e5c-5c49-409b-a963-23c63a7cf952} {c1d71e5c-5c49-409b-a963-23c63a7cf952}
Ripping a component script
STEE {c1d71e5c-5c49-409b-a963-23c63a7cf952} {c1d71e5c-5c49-409b-a963-23c63a7cf952}
STEE {c1d71e5c-5c49-409b-a963-23c63a7cf952} {c1d71e5c-5c49-409b-a963-23c63a7cf952}
Debug: edu.umd.cs.guitar.model.WebComponent@7d0d068f NSB Not supported by edu.umd.cs.guitar.event.WebEvent
STEE {c1d71e5c-5c49-409b-a963-23c63a7cf952} {c1d71e5c-5c49-409b-a963-23c63a7cf952}
Debug: edu.umd.cs.guitar.model.WebComponent@7d0d068f NSB Not supported by edu.umd.cs.guitar.event.WebToggleCheckbox
STEE {c1d71e5c-5c49-409b-a963-23c63a7cf952} {c1d71e5c-5c49-409b-a963-23c63a7cf952}
Ripping a component div
STEE {c1d71e5c-5c49-409b-a963-23c63a7cf952} {c1d71e5c-5c49-409b-a963-23c63a7cf952}
STEE {c1d71e5c-5c49-409b-a963-23c63a7cf952} {c1d71e5c-5c49-409b-a963-23c63a7cf952}
Debug: edu.umd.cs.guitar.model.WebComponent@6cdba401 NSB Not supported by edu.umd.cs.guitar.event.WebEvent
STEE {c1d71e5c-5c49-409b-a963-23c63a7cf952} {c1d71e5c-5c49-409b-a963-23c63a7cf952}
Debug: edu.umd.cs.guitar.model.WebComponent@6cdba401 NSB Not supported by edu.umd.cs.guitar.event.WebToggleCheckbox
STEE {c1d71e5c-5c49-409b-a963-23c63a7cf952} {c1d71e5c-5c49-409b-a963-23c63a7cf952}
Ripping a component div
STEE {c1d71e5c-5c49-409b-a963-23c63a7cf952} {c1d71e5c-5c49-409b-a963-23c63a7cf952}
STEE {c1d71e5c-5c49-409b-a963-23c63a7cf952} {c1d71e5c-5c49-409b-a963-23c63a7cf952}
Debug: edu.umd.cs.guitar.model.WebComponent@6ca87aa0 NSB Not supported by edu.umd.cs.guitar.event.WebEvent
STEE {c1d71e5c-5c49-409b-a963-23c63a7cf952} {c1d71e5c-5c49-409b-a963-23c63a7cf952}
Debug: edu.umd.cs.guitar.model.WebComponent@6ca87aa0 NSB Not supported by edu.umd.cs.guitar.event.WebToggleCheckbox
STEE {c1d71e5c-5c49-409b-a963-23c63a7cf952} {c1d71e5c-5c49-409b-a963-23c63a7cf952}
Ripping a component div
STEE {c1d71e5c-5c49-409b-a963-23c63a7cf952} {c1d71e5c-5c49-409b-a963-23c63a7cf952}
STEE {c1d71e5c-5c49-409b-a963-23c63a7cf952} {c1d71e5c-5c49-409b-a963-23c63a7cf952}
Debug: edu.umd.cs.guitar.model.WebComponent@6ca9fcc1 NSB Not supported by edu.umd.cs.guitar.event.WebEvent
STEE {c1d71e5c-5c49-409b-a963-23c63a7cf952} {c1d71e5c-5c49-409b-a963-23c63a7cf952}
Debug: edu.umd.cs.guitar.model.WebComponent@6ca9fcc1 NSB Not supported by edu.umd.cs.guitar.event.WebToggleCheckbox
STEE {c1d71e5c-5c49-409b-a963-23c63a7cf952} {c1d71e5c-5c49-409b-a963-23c63a7cf952}
Ripping a component div
STEE {c1d71e5c-5c49-409b-a963-23c63a7cf952} {c1d71e5c-5c49-409b-a963-23c63a7cf952}
STEE {c1d71e5c-5c49-409b-a963-23c63a7cf952} {c1d71e5c-5c49-409b-a963-23c63a7cf952}
Debug: edu.umd.cs.guitar.model.WebComponent@6ca9fcc4 NSB Not supported by edu.umd.cs.guitar.event.WebEvent
STEE {c1d71e5c-5c49-409b-a963-23c63a7cf952} {c1d71e5c-5c49-409b-a963-23c63a7cf952}
Debug: edu.umd.cs.guitar.model.WebComponent@6ca9fcc4 NSB Not supported by edu.umd.cs.guitar.event.WebToggleCheckbox
STEE {c1d71e5c-5c49-409b-a963-23c63a7cf952} {c1d71e5c-5c49-409b-a963-23c63a7cf952}
Ripping a component span
STEE {c1d71e5c-5c49-409b-a963-23c63a7cf952} {c1d71e5c-5c49-409b-a963-23c63a7cf952}
STEE {c1d71e5c-5c49-409b-a963-23c63a7cf952} {c1d71e5c-5c49-409b-a963-23c63a7cf952}
Debug: edu.umd.cs.guitar.model.WebComponent@583a3ab4 NSB Not supported by edu.umd.cs.guitar.event.WebEvent
STEE {c1d71e5c-5c49-409b-a963-23c63a7cf952} {c1d71e5c-5c49-409b-a963-23c63a7cf952}
Debug: edu.umd.cs.guitar.model.WebComponent@583a3ab4 NSB Not supported by edu.umd.cs.guitar.event.WebToggleCheckbox
STEE {c1d71e5c-5c49-409b-a963-23c63a7cf952} {c1d71e5c-5c49-409b-a963-23c63a7cf952}
Ripping a component ol
STEE {c1d71e5c-5c49-409b-a963-23c63a7cf952} {c1d71e5c-5c49-409b-a963-23c63a7cf952}
STEE {c1d71e5c-5c49-409b-a963-23c63a7cf952} {c1d71e5c-5c49-409b-a963-23c63a7cf952}
Debug: edu.umd.cs.guitar.model.WebComponent@72270779 NSB Not supported by edu.umd.cs.guitar.event.WebEvent
STEE {c1d71e5c-5c49-409b-a963-23c63a7cf952} {c1d71e5c-5c49-409b-a963-23c63a7cf952}
Debug: edu.umd.cs.guitar.model.WebComponent@72270779 NSB Not supported by edu.umd.cs.guitar.event.WebToggleCheckbox
STEE {c1d71e5c-5c49-409b-a963-23c63a7cf952} {c1d71e5c-5c49-409b-a963-23c63a7cf952}
Ripping a component li
STEE {c1d71e5c-5c49-409b-a963-23c63a7cf952} {c1d71e5c-5c49-409b-a963-23c63a7cf952}
STEE {c1d71e5c-5c49-409b-a963-23c63a7cf952} {c1d71e5c-5c49-409b-a963-23c63a7cf952}
Debug: edu.umd.cs.guitar.model.WebComponent@72286fd9 NSB Not supported by edu.umd.cs.guitar.event.WebEvent
STEE {c1d71e5c-5c49-409b-a963-23c63a7cf952} {c1d71e5c-5c49-409b-a963-23c63a7cf952}
Debug: edu.umd.cs.guitar.model.WebComponent@72286fd9 NSB Not supported by edu.umd.cs.guitar.event.WebToggleCheckbox
STEE {c1d71e5c-5c49-409b-a963-23c63a7cf952} {c1d71e5c-5c49-409b-a963-23c63a7cf952}
Ripping a component a
ETL http://www.google.com/webhp?hl=en&tab=ww
STEE {c1d71e5c-5c49-409b-a963-23c63a7cf952} {c1d71e5c-5c49-409b-a963-23c63a7cf952}
STEE {c1d71e5c-5c49-409b-a963-23c63a7cf952} {c1d71e5c-5c49-409b-a963-23c63a7cf952}
Debug: edu.umd.cs.guitar.model.WebComponent@358df52f NSB Not supported by edu.umd.cs.guitar.event.WebToggleCheckbox
STEE {c1d71e5c-5c49-409b-a963-23c63a7cf952} {c1d71e5c-5c49-409b-a963-23c63a7cf952}
Ripping a component span
STEE {c1d71e5c-5c49-409b-a963-23c63a7cf952} {c1d71e5c-5c49-409b-a963-23c63a7cf952}
STEE {c1d71e5c-5c49-409b-a963-23c63a7cf952} {c1d71e5c-5c49-409b-a963-23c63a7cf952}
Debug: edu.umd.cs.guitar.model.WebComponent@583a3ab4 NSB Not supported by edu.umd.cs.guitar.event.WebEvent
STEE {c1d71e5c-5c49-409b-a963-23c63a7cf952} {c1d71e5c-5c49-409b-a963-23c63a7cf952}
Debug: edu.umd.cs.guitar.model.WebComponent@583a3ab4 NSB Not supported by edu.umd.cs.guitar.event.WebToggleCheckbox
STEE {c1d71e5c-5c49-409b-a963-23c63a7cf952} {c1d71e5c-5c49-409b-a963-23c63a7cf952}
Ripping a component span
STEE {c1d71e5c-5c49-409b-a963-23c63a7cf952} {c1d71e5c-5c49-409b-a963-23c63a7cf952}
STEE {c1d71e5c-5c49-409b-a963-23c63a7cf952} {c1d71e5c-5c49-409b-a963-23c63a7cf952}
Debug: edu.umd.cs.guitar.model.WebComponent@583a3ab4 NSB Not supported by edu.umd.cs.guitar.event.WebEvent
STEE {c1d71e5c-5c49-409b-a963-23c63a7cf952} {c1d71e5c-5c49-409b-a963-23c63a7cf952}
Debug: edu.umd.cs.guitar.model.WebComponent@583a3ab4 NSB Not supported by edu.umd.cs.guitar.event.WebToggleCheckbox
STEE {c1d71e5c-5c49-409b-a963-23c63a7cf952} {c1d71e5c-5c49-409b-a963-23c63a7cf952}
Ripping a component li
STEE {c1d71e5c-5c49-409b-a963-23c63a7cf952} {c1d71e5c-5c49-409b-a963-23c63a7cf952}
STEE {c1d71e5c-5c49-409b-a963-23c63a7cf952} {c1d71e5c-5c49-409b-a963-23c63a7cf952}
Debug: edu.umd.cs.guitar.model.WebComponent@72286fd9 NSB Not supported by edu.umd.cs.guitar.event.WebEvent
STEE {c1d71e5c-5c49-409b-a963-23c63a7cf952} {c1d71e5c-5c49-409b-a963-23c63a7cf952}
Debug: edu.umd.cs.guitar.model.WebComponent@72286fd9 NSB Not supported by edu.umd.cs.guitar.event.WebToggleCheckbox
STEE {c1d71e5c-5c49-409b-a963-23c63a7cf952} {c1d71e5c-5c49-409b-a963-23c63a7cf952}
Ripping a component a
ETL http://www.google.com/imghp?hl=en&tab=wi
STEE {c1d71e5c-5c49-409b-a963-23c63a7cf952} {c1d71e5c-5c49-409b-a963-23c63a7cf952}
STEE {c1d71e5c-5c49-409b-a963-23c63a7cf952} {c1d71e5c-5c49-409b-a963-23c63a7cf952}
Debug: edu.umd.cs.guitar.model.WebComponent@860114d NSB Not supported by edu.umd.cs.guitar.event.WebToggleCheckbox
STEE {c1d71e5c-5c49-409b-a963-23c63a7cf952} {c1d71e5c-5c49-409b-a963-23c63a7cf952}
Ripping a component span
STEE {c1d71e5c-5c49-409b-a963-23c63a7cf952} {c1d71e5c-5c49-409b-a963-23c63a7cf952}
STEE {c1d71e5c-5c49-409b-a963-23c63a7cf952} {c1d71e5c-5c49-409b-a963-23c63a7cf952}
Debug: edu.umd.cs.guitar.model.WebComponent@583a3ab4 NSB Not supported by edu.umd.cs.guitar.event.WebEvent
STEE {c1d71e5c-5c49-409b-a963-23c63a7cf952} {c1d71e5c-5c49-409b-a963-23c63a7cf952}
Debug: edu.umd.cs.guitar.model.WebComponent@583a3ab4 NSB Not supported by edu.umd.cs.guitar.event.WebToggleCheckbox
STEE {c1d71e5c-5c49-409b-a963-23c63a7cf952} {c1d71e5c-5c49-409b-a963-23c63a7cf952}
Ripping a component span
STEE {c1d71e5c-5c49-409b-a963-23c63a7cf952} {c1d71e5c-5c49-409b-a963-23c63a7cf952}
STEE {c1d71e5c-5c49-409b-a963-23c63a7cf952} {c1d71e5c-5c49-409b-a963-23c63a7cf952}
Debug: edu.umd.cs.guitar.model.WebComponent@583a3ab4 NSB Not supported by edu.umd.cs.guitar.event.WebEvent
STEE {c1d71e5c-5c49-409b-a963-23c63a7cf952} {c1d71e5c-5c49-409b-a963-23c63a7cf952}
Debug: edu.umd.cs.guitar.model.WebComponent@583a3ab4 NSB Not supported by edu.umd.cs.guitar.event.WebToggleCheckbox
STEE {c1d71e5c-5c49-409b-a963-23c63a7cf952} {c1d71e5c-5c49-409b-a963-23c63a7cf952}
Ripping a component li
STEE {c1d71e5c-5c49-409b-a963-23c63a7cf952} {c1d71e5c-5c49-409b-a963-23c63a7cf952}
STEE {c1d71e5c-5c49-409b-a963-23c63a7cf952} {c1d71e5c-5c49-409b-a963-23c63a7cf952}
Debug: edu.umd.cs.guitar.model.WebComponent@72286fd9 NSB Not supported by edu.umd.cs.guitar.event.WebEvent
STEE {c1d71e5c-5c49-409b-a963-23c63a7cf952} {c1d71e5c-5c49-409b-a963-23c63a7cf952}
Debug: edu.umd.cs.guitar.model.WebComponent@72286fd9 NSB Not supported by edu.umd.cs.guitar.event.WebToggleCheckbox
STEE {c1d71e5c-5c49-409b-a963-23c63a7cf952} {c1d71e5c-5c49-409b-a963-23c63a7cf952}
Ripping a component a
ETL http://video.google.com/?hl=en&tab=wv
STEE {c1d71e5c-5c49-409b-a963-23c63a7cf952} {c1d71e5c-5c49-409b-a963-23c63a7cf952}
STEE {c1d71e5c-5c49-409b-a963-23c63a7cf952} {c1d71e5c-5c49-409b-a963-23c63a7cf952}
Debug: edu.umd.cs.guitar.model.WebComponent@1baa27dc NSB Not supported by edu.umd.cs.guitar.event.WebToggleCheckbox
STEE {c1d71e5c-5c49-409b-a963-23c63a7cf952} {c1d71e5c-5c49-409b-a963-23c63a7cf952}
Ripping a component span
STEE {c1d71e5c-5c49-409b-a963-23c63a7cf952} {c1d71e5c-5c49-409b-a963-23c63a7cf952}
STEE {c1d71e5c-5c49-409b-a963-23c63a7cf952} {c1d71e5c-5c49-409b-a963-23c63a7cf952}
Debug: edu.umd.cs.guitar.model.WebComponent@583a3ab4 NSB Not supported by edu.umd.cs.guitar.event.WebEvent
STEE {c1d71e5c-5c49-409b-a963-23c63a7cf952} {c1d71e5c-5c49-409b-a963-23c63a7cf952}
Debug: edu.umd.cs.guitar.model.WebComponent@583a3ab4 NSB Not supported by edu.umd.cs.guitar.event.WebToggleCheckbox
STEE {c1d71e5c-5c49-409b-a963-23c63a7cf952} {c1d71e5c-5c49-409b-a963-23c63a7cf952}
Ripping a component span
STEE {c1d71e5c-5c49-409b-a963-23c63a7cf952} {c1d71e5c-5c49-409b-a963-23c63a7cf952}
STEE {c1d71e5c-5c49-409b-a963-23c63a7cf952} {c1d71e5c-5c49-409b-a963-23c63a7cf952}
Debug: edu.umd.cs.guitar.model.WebComponent@583a3ab4 NSB Not supported by edu.umd.cs.guitar.event.WebEvent
STEE {c1d71e5c-5c49-409b-a963-23c63a7cf952} {c1d71e5c-5c49-409b-a963-23c63a7cf952}
Debug: edu.umd.cs.guitar.model.WebComponent@583a3ab4 NSB Not supported by edu.umd.cs.guitar.event.WebToggleCheckbox
STEE {c1d71e5c-5c49-409b-a963-23c63a7cf952} {c1d71e5c-5c49-409b-a963-23c63a7cf952}
Ripping a component li
STEE {c1d71e5c-5c49-409b-a963-23c63a7cf952} {c1d71e5c-5c49-409b-a963-23c63a7cf952}
STEE {c1d71e5c-5c49-409b-a963-23c63a7cf952} {c1d71e5c-5c49-409b-a963-23c63a7cf952}
Debug: edu.umd.cs.guitar.model.WebComponent@72286fd9 NSB Not supported by edu.umd.cs.guitar.event.WebEvent
STEE {c1d71e5c-5c49-409b-a963-23c63a7cf952} {c1d71e5c-5c49-409b-a963-23c63a7cf952}
Debug: edu.umd.cs.guitar.model.WebComponent@72286fd9 NSB Not supported by edu.umd.cs.guitar.event.WebToggleCheckbox
STEE {c1d71e5c-5c49-409b-a963-23c63a7cf952} {c1d71e5c-5c49-409b-a963-23c63a7cf952}
Ripping a component a
ETL http://maps.google.com/maps?hl=en&tab=wl
STEE {c1d71e5c-5c49-409b-a963-23c63a7cf952} {c1d71e5c-5c49-409b-a963-23c63a7cf952}
STEE {c1d71e5c-5c49-409b-a963-23c63a7cf952} {c1d71e5c-5c49-409b-a963-23c63a7cf952}
Debug: edu.umd.cs.guitar.model.WebComponent@5a1c118c NSB Not supported by edu.umd.cs.guitar.event.WebToggleCheckbox
STEE {c1d71e5c-5c49-409b-a963-23c63a7cf952} {c1d71e5c-5c49-409b-a963-23c63a7cf952}
Ripping a component span
STEE {c1d71e5c-5c49-409b-a963-23c63a7cf952} {c1d71e5c-5c49-409b-a963-23c63a7cf952}
STEE {c1d71e5c-5c49-409b-a963-23c63a7cf952} {c1d71e5c-5c49-409b-a963-23c63a7cf952}
Debug: edu.umd.cs.guitar.model.WebComponent@583a3ab4 NSB Not supported by edu.umd.cs.guitar.event.WebEvent
STEE {c1d71e5c-5c49-409b-a963-23c63a7cf952} {c1d71e5c-5c49-409b-a963-23c63a7cf952}
Debug: edu.umd.cs.guitar.model.WebComponent@583a3ab4 NSB Not supported by edu.umd.cs.guitar.event.WebToggleCheckbox
STEE {c1d71e5c-5c49-409b-a963-23c63a7cf952} {c1d71e5c-5c49-409b-a963-23c63a7cf952}
Ripping a component span
STEE {c1d71e5c-5c49-409b-a963-23c63a7cf952} {c1d71e5c-5c49-409b-a963-23c63a7cf952}
STEE {c1d71e5c-5c49-409b-a963-23c63a7cf952} {c1d71e5c-5c49-409b-a963-23c63a7cf952}
Debug: edu.umd.cs.guitar.model.WebComponent@583a3ab4 NSB Not supported by edu.umd.cs.guitar.event.WebEvent
STEE {c1d71e5c-5c49-409b-a963-23c63a7cf952} {c1d71e5c-5c49-409b-a963-23c63a7cf952}
Debug: edu.umd.cs.guitar.model.WebComponent@583a3ab4 NSB Not supported by edu.umd.cs.guitar.event.WebToggleCheckbox
STEE {c1d71e5c-5c49-409b-a963-23c63a7cf952} {c1d71e5c-5c49-409b-a963-23c63a7cf952}
Ripping a component li
STEE {c1d71e5c-5c49-409b-a963-23c63a7cf952} {c1d71e5c-5c49-409b-a963-23c63a7cf952}
STEE {c1d71e5c-5c49-409b-a963-23c63a7cf952} {c1d71e5c-5c49-409b-a963-23c63a7cf952}
Debug: edu.umd.cs.guitar.model.WebComponent@72286fd9 NSB Not supported by edu.umd.cs.guitar.event.WebEvent
STEE {c1d71e5c-5c49-409b-a963-23c63a7cf952} {c1d71e5c-5c49-409b-a963-23c63a7cf952}
Debug: edu.umd.cs.guitar.model.WebComponent@72286fd9 NSB Not supported by edu.umd.cs.guitar.event.WebToggleCheckbox
STEE {c1d71e5c-5c49-409b-a963-23c63a7cf952} {c1d71e5c-5c49-409b-a963-23c63a7cf952}
Ripping a component a
ETL http://news.google.com/nwshp?hl=en&tab=wn
STEE {c1d71e5c-5c49-409b-a963-23c63a7cf952} {c1d71e5c-5c49-409b-a963-23c63a7cf952}
STEE {c1d71e5c-5c49-409b-a963-23c63a7cf952} {c1d71e5c-5c49-409b-a963-23c63a7cf952}
Debug: edu.umd.cs.guitar.model.WebComponent@cfa6dd2 NSB Not supported by edu.umd.cs.guitar.event.WebToggleCheckbox
STEE {c1d71e5c-5c49-409b-a963-23c63a7cf952} {c1d71e5c-5c49-409b-a963-23c63a7cf952}
Ripping a component span
STEE {c1d71e5c-5c49-409b-a963-23c63a7cf952} {c1d71e5c-5c49-409b-a963-23c63a7cf952}
STEE {c1d71e5c-5c49-409b-a963-23c63a7cf952} {c1d71e5c-5c49-409b-a963-23c63a7cf952}
Debug: edu.umd.cs.guitar.model.WebComponent@583a3ab4 NSB Not supported by edu.umd.cs.guitar.event.WebEvent
STEE {c1d71e5c-5c49-409b-a963-23c63a7cf952} {c1d71e5c-5c49-409b-a963-23c63a7cf952}
Debug: edu.umd.cs.guitar.model.WebComponent@583a3ab4 NSB Not supported by edu.umd.cs.guitar.event.WebToggleCheckbox
STEE {c1d71e5c-5c49-409b-a963-23c63a7cf952} {c1d71e5c-5c49-409b-a963-23c63a7cf952}
Ripping a component span
STEE {c1d71e5c-5c49-409b-a963-23c63a7cf952} {c1d71e5c-5c49-409b-a963-23c63a7cf952}
STEE {c1d71e5c-5c49-409b-a963-23c63a7cf952} {c1d71e5c-5c49-409b-a963-23c63a7cf952}
Debug: edu.umd.cs.guitar.model.WebComponent@583a3ab4 NSB Not supported by edu.umd.cs.guitar.event.WebEvent
STEE {c1d71e5c-5c49-409b-a963-23c63a7cf952} {c1d71e5c-5c49-409b-a963-23c63a7cf952}
Debug: edu.umd.cs.guitar.model.WebComponent@583a3ab4 NSB Not supported by edu.umd.cs.guitar.event.WebToggleCheckbox
STEE {c1d71e5c-5c49-409b-a963-23c63a7cf952} {c1d71e5c-5c49-409b-a963-23c63a7cf952}
Ripping a component li
STEE {c1d71e5c-5c49-409b-a963-23c63a7cf952} {c1d71e5c-5c49-409b-a963-23c63a7cf952}
STEE {c1d71e5c-5c49-409b-a963-23c63a7cf952} {c1d71e5c-5c49-409b-a963-23c63a7cf952}
Debug: edu.umd.cs.guitar.model.WebComponent@72286fd9 NSB Not supported by edu.umd.cs.guitar.event.WebEvent
STEE {c1d71e5c-5c49-409b-a963-23c63a7cf952} {c1d71e5c-5c49-409b-a963-23c63a7cf952}
Debug: edu.umd.cs.guitar.model.WebComponent@72286fd9 NSB Not supported by edu.umd.cs.guitar.event.WebToggleCheckbox
STEE {c1d71e5c-5c49-409b-a963-23c63a7cf952} {c1d71e5c-5c49-409b-a963-23c63a7cf952}
Ripping a component a
ETL http://www.google.com/prdhp?hl=en&tab=wf
STEE {c1d71e5c-5c49-409b-a963-23c63a7cf952} {c1d71e5c-5c49-409b-a963-23c63a7cf952}
STEE {c1d71e5c-5c49-409b-a963-23c63a7cf952} {c1d71e5c-5c49-409b-a963-23c63a7cf952}
Debug: edu.umd.cs.guitar.model.WebComponent@4638caed NSB Not supported by edu.umd.cs.guitar.event.WebToggleCheckbox
STEE {c1d71e5c-5c49-409b-a963-23c63a7cf952} {c1d71e5c-5c49-409b-a963-23c63a7cf952}
Ripping a component span
STEE {c1d71e5c-5c49-409b-a963-23c63a7cf952} {c1d71e5c-5c49-409b-a963-23c63a7cf952}
STEE {c1d71e5c-5c49-409b-a963-23c63a7cf952} {c1d71e5c-5c49-409b-a963-23c63a7cf952}
Debug: edu.umd.cs.guitar.model.WebComponent@583a3ab4 NSB Not supported by edu.umd.cs.guitar.event.WebEvent
STEE {c1d71e5c-5c49-409b-a963-23c63a7cf952} {c1d71e5c-5c49-409b-a963-23c63a7cf952}
Debug: edu.umd.cs.guitar.model.WebComponent@583a3ab4 NSB Not supported by edu.umd.cs.guitar.event.WebToggleCheckbox
STEE {c1d71e5c-5c49-409b-a963-23c63a7cf952} {c1d71e5c-5c49-409b-a963-23c63a7cf952}
Ripping a component span
STEE {c1d71e5c-5c49-409b-a963-23c63a7cf952} {c1d71e5c-5c49-409b-a963-23c63a7cf952}
STEE {c1d71e5c-5c49-409b-a963-23c63a7cf952} {c1d71e5c-5c49-409b-a963-23c63a7cf952}
Debug: edu.umd.cs.guitar.model.WebComponent@583a3ab4 NSB Not supported by edu.umd.cs.guitar.event.WebEvent
STEE {c1d71e5c-5c49-409b-a963-23c63a7cf952} {c1d71e5c-5c49-409b-a963-23c63a7cf952}
Debug: edu.umd.cs.guitar.model.WebComponent@583a3ab4 NSB Not supported by edu.umd.cs.guitar.event.WebToggleCheckbox
STEE {c1d71e5c-5c49-409b-a963-23c63a7cf952} {c1d71e5c-5c49-409b-a963-23c63a7cf952}
Ripping a component li
STEE {c1d71e5c-5c49-409b-a963-23c63a7cf952} {c1d71e5c-5c49-409b-a963-23c63a7cf952}
STEE {c1d71e5c-5c49-409b-a963-23c63a7cf952} {c1d71e5c-5c49-409b-a963-23c63a7cf952}
Debug: edu.umd.cs.guitar.model.WebComponent@72286fd9 NSB Not supported by edu.umd.cs.guitar.event.WebEvent
STEE {c1d71e5c-5c49-409b-a963-23c63a7cf952} {c1d71e5c-5c49-409b-a963-23c63a7cf952}
Debug: edu.umd.cs.guitar.model.WebComponent@72286fd9 NSB Not supported by edu.umd.cs.guitar.event.WebToggleCheckbox
STEE {c1d71e5c-5c49-409b-a963-23c63a7cf952} {c1d71e5c-5c49-409b-a963-23c63a7cf952}
Ripping a component a
ETL http://mail.google.com/mail/?hl=en&tab=wm
STEE {c1d71e5c-5c49-409b-a963-23c63a7cf952} {c1d71e5c-5c49-409b-a963-23c63a7cf952}
STEE {c1d71e5c-5c49-409b-a963-23c63a7cf952} {c1d71e5c-5c49-409b-a963-23c63a7cf952}
Debug: edu.umd.cs.guitar.model.WebComponent@5e625a4 NSB Not supported by edu.umd.cs.guitar.event.WebToggleCheckbox
STEE {c1d71e5c-5c49-409b-a963-23c63a7cf952} {c1d71e5c-5c49-409b-a963-23c63a7cf952}
Ripping a component span
STEE {c1d71e5c-5c49-409b-a963-23c63a7cf952} {c1d71e5c-5c49-409b-a963-23c63a7cf952}
STEE {c1d71e5c-5c49-409b-a963-23c63a7cf952} {c1d71e5c-5c49-409b-a963-23c63a7cf952}
Debug: edu.umd.cs.guitar.model.WebComponent@583a3ab4 NSB Not supported by edu.umd.cs.guitar.event.WebEvent
STEE {c1d71e5c-5c49-409b-a963-23c63a7cf952} {c1d71e5c-5c49-409b-a963-23c63a7cf952}
Debug: edu.umd.cs.guitar.model.WebComponent@583a3ab4 NSB Not supported by edu.umd.cs.guitar.event.WebToggleCheckbox
STEE {c1d71e5c-5c49-409b-a963-23c63a7cf952} {c1d71e5c-5c49-409b-a963-23c63a7cf952}
Ripping a component span
STEE {c1d71e5c-5c49-409b-a963-23c63a7cf952} {c1d71e5c-5c49-409b-a963-23c63a7cf952}
STEE {c1d71e5c-5c49-409b-a963-23c63a7cf952} {c1d71e5c-5c49-409b-a963-23c63a7cf952}
Debug: edu.umd.cs.guitar.model.WebComponent@583a3ab4 NSB Not supported by edu.umd.cs.guitar.event.WebEvent
STEE {c1d71e5c-5c49-409b-a963-23c63a7cf952} {c1d71e5c-5c49-409b-a963-23c63a7cf952}
Debug: edu.umd.cs.guitar.model.WebComponent@583a3ab4 NSB Not supported by edu.umd.cs.guitar.event.WebToggleCheckbox
STEE {c1d71e5c-5c49-409b-a963-23c63a7cf952} {c1d71e5c-5c49-409b-a963-23c63a7cf952}
Ripping a component li
STEE {c1d71e5c-5c49-409b-a963-23c63a7cf952} {c1d71e5c-5c49-409b-a963-23c63a7cf952}
STEE {c1d71e5c-5c49-409b-a963-23c63a7cf952} {c1d71e5c-5c49-409b-a963-23c63a7cf952}
Debug: edu.umd.cs.guitar.model.WebComponent@72286fd9 NSB Not supported by edu.umd.cs.guitar.event.WebEvent
STEE {c1d71e5c-5c49-409b-a963-23c63a7cf952} {c1d71e5c-5c49-409b-a963-23c63a7cf952}
Debug: edu.umd.cs.guitar.model.WebComponent@72286fd9 NSB Not supported by edu.umd.cs.guitar.event.WebToggleCheckbox
STEE {c1d71e5c-5c49-409b-a963-23c63a7cf952} {c1d71e5c-5c49-409b-a963-23c63a7cf952}
Ripping a component a
ETL http://www.google.com/intl/en/options/
STEE {c1d71e5c-5c49-409b-a963-23c63a7cf952} {c1d71e5c-5c49-409b-a963-23c63a7cf952}
STEE {c1d71e5c-5c49-409b-a963-23c63a7cf952} {c1d71e5c-5c49-409b-a963-23c63a7cf952}
Debug: edu.umd.cs.guitar.model.WebComponent@39e80c1c NSB Not supported by edu.umd.cs.guitar.event.WebToggleCheckbox
STEE {c1d71e5c-5c49-409b-a963-23c63a7cf952} {c1d71e5c-5c49-409b-a963-23c63a7cf952}
Ripping a component span
STEE {c1d71e5c-5c49-409b-a963-23c63a7cf952} {c1d71e5c-5c49-409b-a963-23c63a7cf952}
STEE {c1d71e5c-5c49-409b-a963-23c63a7cf952} {c1d71e5c-5c49-409b-a963-23c63a7cf952}
Debug: edu.umd.cs.guitar.model.WebComponent@583a3ab4 NSB Not supported by edu.umd.cs.guitar.event.WebEvent
STEE {c1d71e5c-5c49-409b-a963-23c63a7cf952} {c1d71e5c-5c49-409b-a963-23c63a7cf952}
Debug: edu.umd.cs.guitar.model.WebComponent@583a3ab4 NSB Not supported by edu.umd.cs.guitar.event.WebToggleCheckbox
STEE {c1d71e5c-5c49-409b-a963-23c63a7cf952} {c1d71e5c-5c49-409b-a963-23c63a7cf952}
Ripping a component span
STEE {c1d71e5c-5c49-409b-a963-23c63a7cf952} {c1d71e5c-5c49-409b-a963-23c63a7cf952}
STEE {c1d71e5c-5c49-409b-a963-23c63a7cf952} {c1d71e5c-5c49-409b-a963-23c63a7cf952}
Debug: edu.umd.cs.guitar.model.WebComponent@5d272307 NSB Not supported by edu.umd.cs.guitar.event.WebEvent
STEE {c1d71e5c-5c49-409b-a963-23c63a7cf952} {c1d71e5c-5c49-409b-a963-23c63a7cf952}
Debug: edu.umd.cs.guitar.model.WebComponent@5d272307 NSB Not supported by edu.umd.cs.guitar.event.WebToggleCheckbox
STEE {c1d71e5c-5c49-409b-a963-23c63a7cf952} {c1d71e5c-5c49-409b-a963-23c63a7cf952}
Ripping a component span
STEE {c1d71e5c-5c49-409b-a963-23c63a7cf952} {c1d71e5c-5c49-409b-a963-23c63a7cf952}
STEE {c1d71e5c-5c49-409b-a963-23c63a7cf952} {c1d71e5c-5c49-409b-a963-23c63a7cf952}
Debug: edu.umd.cs.guitar.model.WebComponent@616fe0de NSB Not supported by edu.umd.cs.guitar.event.WebEvent
STEE {c1d71e5c-5c49-409b-a963-23c63a7cf952} {c1d71e5c-5c49-409b-a963-23c63a7cf952}
Debug: edu.umd.cs.guitar.model.WebComponent@616fe0de NSB Not supported by edu.umd.cs.guitar.event.WebToggleCheckbox
STEE {c1d71e5c-5c49-409b-a963-23c63a7cf952} {c1d71e5c-5c49-409b-a963-23c63a7cf952}
Ripping a component span
STEE {c1d71e5c-5c49-409b-a963-23c63a7cf952} {c1d71e5c-5c49-409b-a963-23c63a7cf952}
STEE {c1d71e5c-5c49-409b-a963-23c63a7cf952} {c1d71e5c-5c49-409b-a963-23c63a7cf952}
Debug: edu.umd.cs.guitar.model.WebComponent@583a3ab4 NSB Not supported by edu.umd.cs.guitar.event.WebEvent
STEE {c1d71e5c-5c49-409b-a963-23c63a7cf952} {c1d71e5c-5c49-409b-a963-23c63a7cf952}
Debug: edu.umd.cs.guitar.model.WebComponent@583a3ab4 NSB Not supported by edu.umd.cs.guitar.event.WebToggleCheckbox
STEE {c1d71e5c-5c49-409b-a963-23c63a7cf952} {c1d71e5c-5c49-409b-a963-23c63a7cf952}
Ripping a component div
STEE {c1d71e5c-5c49-409b-a963-23c63a7cf952} {c1d71e5c-5c49-409b-a963-23c63a7cf952}
STEE {c1d71e5c-5c49-409b-a963-23c63a7cf952} {c1d71e5c-5c49-409b-a963-23c63a7cf952}
Debug: edu.umd.cs.guitar.model.WebComponent@6ca9fcae NSB Not supported by edu.umd.cs.guitar.event.WebEvent
STEE {c1d71e5c-5c49-409b-a963-23c63a7cf952} {c1d71e5c-5c49-409b-a963-23c63a7cf952}
Debug: edu.umd.cs.guitar.model.WebComponent@6ca9fcae NSB Not supported by edu.umd.cs.guitar.event.WebToggleCheckbox
STEE {c1d71e5c-5c49-409b-a963-23c63a7cf952} {c1d71e5c-5c49-409b-a963-23c63a7cf952}
Ripping a component div
STEE {c1d71e5c-5c49-409b-a963-23c63a7cf952} {c1d71e5c-5c49-409b-a963-23c63a7cf952}
STEE {c1d71e5c-5c49-409b-a963-23c63a7cf952} {c1d71e5c-5c49-409b-a963-23c63a7cf952}
Debug: edu.umd.cs.guitar.model.WebComponent@6ca86dc5 NSB Not supported by edu.umd.cs.guitar.event.WebEvent
STEE {c1d71e5c-5c49-409b-a963-23c63a7cf952} {c1d71e5c-5c49-409b-a963-23c63a7cf952}
Debug: edu.umd.cs.guitar.model.WebComponent@6ca86dc5 NSB Not supported by edu.umd.cs.guitar.event.WebToggleCheckbox
STEE {c1d71e5c-5c49-409b-a963-23c63a7cf952} {c1d71e5c-5c49-409b-a963-23c63a7cf952}
Ripping a component ol
STEE {c1d71e5c-5c49-409b-a963-23c63a7cf952} {c1d71e5c-5c49-409b-a963-23c63a7cf952}
STEE {c1d71e5c-5c49-409b-a963-23c63a7cf952} {c1d71e5c-5c49-409b-a963-23c63a7cf952}
Debug: edu.umd.cs.guitar.model.WebComponent@72270779 NSB Not supported by edu.umd.cs.guitar.event.WebEvent
STEE {c1d71e5c-5c49-409b-a963-23c63a7cf952} {c1d71e5c-5c49-409b-a963-23c63a7cf952}
Debug: edu.umd.cs.guitar.model.WebComponent@72270779 NSB Not supported by edu.umd.cs.guitar.event.WebToggleCheckbox
STEE {c1d71e5c-5c49-409b-a963-23c63a7cf952} {c1d71e5c-5c49-409b-a963-23c63a7cf952}
Ripping a component li
STEE {c1d71e5c-5c49-409b-a963-23c63a7cf952} {c1d71e5c-5c49-409b-a963-23c63a7cf952}
STEE {c1d71e5c-5c49-409b-a963-23c63a7cf952} {c1d71e5c-5c49-409b-a963-23c63a7cf952}
Debug: edu.umd.cs.guitar.model.WebComponent@72286fd9 NSB Not supported by edu.umd.cs.guitar.event.WebEvent
STEE {c1d71e5c-5c49-409b-a963-23c63a7cf952} {c1d71e5c-5c49-409b-a963-23c63a7cf952}
Debug: edu.umd.cs.guitar.model.WebComponent@72286fd9 NSB Not supported by edu.umd.cs.guitar.event.WebToggleCheckbox
STEE {c1d71e5c-5c49-409b-a963-23c63a7cf952} {c1d71e5c-5c49-409b-a963-23c63a7cf952}
Ripping a component a
STEE {c1d71e5c-5c49-409b-a963-23c63a7cf952} {c1d71e5c-5c49-409b-a963-23c63a7cf952}
STEE {c1d71e5c-5c49-409b-a963-23c63a7cf952} {c1d71e5c-5c49-409b-a963-23c63a7cf952}
Debug: edu.umd.cs.guitar.model.WebComponent@bcf23b1 NSB Not supported by edu.umd.cs.guitar.event.WebEvent
STEE {c1d71e5c-5c49-409b-a963-23c63a7cf952} {c1d71e5c-5c49-409b-a963-23c63a7cf952}
Debug: edu.umd.cs.guitar.model.WebComponent@bcf23b1 NSB Not supported by edu.umd.cs.guitar.event.WebToggleCheckbox
STEE {c1d71e5c-5c49-409b-a963-23c63a7cf952} {c1d71e5c-5c49-409b-a963-23c63a7cf952}
Ripping a component li
STEE {c1d71e5c-5c49-409b-a963-23c63a7cf952} {c1d71e5c-5c49-409b-a963-23c63a7cf952}
STEE {c1d71e5c-5c49-409b-a963-23c63a7cf952} {c1d71e5c-5c49-409b-a963-23c63a7cf952}
Debug: edu.umd.cs.guitar.model.WebComponent@72286fd9 NSB Not supported by edu.umd.cs.guitar.event.WebEvent
STEE {c1d71e5c-5c49-409b-a963-23c63a7cf952} {c1d71e5c-5c49-409b-a963-23c63a7cf952}
Debug: edu.umd.cs.guitar.model.WebComponent@72286fd9 NSB Not supported by edu.umd.cs.guitar.event.WebToggleCheckbox
STEE {c1d71e5c-5c49-409b-a963-23c63a7cf952} {c1d71e5c-5c49-409b-a963-23c63a7cf952}
Ripping a component a
STEE {c1d71e5c-5c49-409b-a963-23c63a7cf952} {c1d71e5c-5c49-409b-a963-23c63a7cf952}
STEE {c1d71e5c-5c49-409b-a963-23c63a7cf952} {c1d71e5c-5c49-409b-a963-23c63a7cf952}
Debug: edu.umd.cs.guitar.model.WebComponent@6f5872db NSB Not supported by edu.umd.cs.guitar.event.WebEvent
STEE {c1d71e5c-5c49-409b-a963-23c63a7cf952} {c1d71e5c-5c49-409b-a963-23c63a7cf952}
Debug: edu.umd.cs.guitar.model.WebComponent@6f5872db NSB Not supported by edu.umd.cs.guitar.event.WebToggleCheckbox
STEE {c1d71e5c-5c49-409b-a963-23c63a7cf952} {c1d71e5c-5c49-409b-a963-23c63a7cf952}
Ripping a component li
STEE {c1d71e5c-5c49-409b-a963-23c63a7cf952} {c1d71e5c-5c49-409b-a963-23c63a7cf952}
STEE {c1d71e5c-5c49-409b-a963-23c63a7cf952} {c1d71e5c-5c49-409b-a963-23c63a7cf952}
Debug: edu.umd.cs.guitar.model.WebComponent@72286fd9 NSB Not supported by edu.umd.cs.guitar.event.WebEvent
STEE {c1d71e5c-5c49-409b-a963-23c63a7cf952} {c1d71e5c-5c49-409b-a963-23c63a7cf952}
Debug: edu.umd.cs.guitar.model.WebComponent@72286fd9 NSB Not supported by edu.umd.cs.guitar.event.WebToggleCheckbox
STEE {c1d71e5c-5c49-409b-a963-23c63a7cf952} {c1d71e5c-5c49-409b-a963-23c63a7cf952}
Ripping a component a
STEE {c1d71e5c-5c49-409b-a963-23c63a7cf952} {c1d71e5c-5c49-409b-a963-23c63a7cf952}
STEE {c1d71e5c-5c49-409b-a963-23c63a7cf952} {c1d71e5c-5c49-409b-a963-23c63a7cf952}
Debug: edu.umd.cs.guitar.model.WebComponent@b9f1874 NSB Not supported by edu.umd.cs.guitar.event.WebEvent
STEE {c1d71e5c-5c49-409b-a963-23c63a7cf952} {c1d71e5c-5c49-409b-a963-23c63a7cf952}
Debug: edu.umd.cs.guitar.model.WebComponent@b9f1874 NSB Not supported by edu.umd.cs.guitar.event.WebToggleCheckbox
STEE {c1d71e5c-5c49-409b-a963-23c63a7cf952} {c1d71e5c-5c49-409b-a963-23c63a7cf952}
Ripping a component li
STEE {c1d71e5c-5c49-409b-a963-23c63a7cf952} {c1d71e5c-5c49-409b-a963-23c63a7cf952}
STEE {c1d71e5c-5c49-409b-a963-23c63a7cf952} {c1d71e5c-5c49-409b-a963-23c63a7cf952}
Debug: edu.umd.cs.guitar.model.WebComponent@72286fd9 NSB Not supported by edu.umd.cs.guitar.event.WebEvent
STEE {c1d71e5c-5c49-409b-a963-23c63a7cf952} {c1d71e5c-5c49-409b-a963-23c63a7cf952}
Debug: edu.umd.cs.guitar.model.WebComponent@72286fd9 NSB Not supported by edu.umd.cs.guitar.event.WebToggleCheckbox
STEE {c1d71e5c-5c49-409b-a963-23c63a7cf952} {c1d71e5c-5c49-409b-a963-23c63a7cf952}
Ripping a component a
STEE {c1d71e5c-5c49-409b-a963-23c63a7cf952} {c1d71e5c-5c49-409b-a963-23c63a7cf952}
STEE {c1d71e5c-5c49-409b-a963-23c63a7cf952} {c1d71e5c-5c49-409b-a963-23c63a7cf952}
Debug: edu.umd.cs.guitar.model.WebComponent@3bb1a670 NSB Not supported by edu.umd.cs.guitar.event.WebEvent
STEE {c1d71e5c-5c49-409b-a963-23c63a7cf952} {c1d71e5c-5c49-409b-a963-23c63a7cf952}
Debug: edu.umd.cs.guitar.model.WebComponent@3bb1a670 NSB Not supported by edu.umd.cs.guitar.event.WebToggleCheckbox
STEE {c1d71e5c-5c49-409b-a963-23c63a7cf952} {c1d71e5c-5c49-409b-a963-23c63a7cf952}
Ripping a component li
STEE {c1d71e5c-5c49-409b-a963-23c63a7cf952} {c1d71e5c-5c49-409b-a963-23c63a7cf952}
STEE {c1d71e5c-5c49-409b-a963-23c63a7cf952} {c1d71e5c-5c49-409b-a963-23c63a7cf952}
Debug: edu.umd.cs.guitar.model.WebComponent@72286fd9 NSB Not supported by edu.umd.cs.guitar.event.WebEvent
STEE {c1d71e5c-5c49-409b-a963-23c63a7cf952} {c1d71e5c-5c49-409b-a963-23c63a7cf952}
Debug: edu.umd.cs.guitar.model.WebComponent@72286fd9 NSB Not supported by edu.umd.cs.guitar.event.WebToggleCheckbox
STEE {c1d71e5c-5c49-409b-a963-23c63a7cf952} {c1d71e5c-5c49-409b-a963-23c63a7cf952}
Ripping a component a
STEE {c1d71e5c-5c49-409b-a963-23c63a7cf952} {c1d71e5c-5c49-409b-a963-23c63a7cf952}
STEE {c1d71e5c-5c49-409b-a963-23c63a7cf952} {c1d71e5c-5c49-409b-a963-23c63a7cf952}
Debug: edu.umd.cs.guitar.model.WebComponent@22dcb9b4 NSB Not supported by edu.umd.cs.guitar.event.WebEvent
STEE {c1d71e5c-5c49-409b-a963-23c63a7cf952} {c1d71e5c-5c49-409b-a963-23c63a7cf952}
Debug: edu.umd.cs.guitar.model.WebComponent@22dcb9b4 NSB Not supported by edu.umd.cs.guitar.event.WebToggleCheckbox
STEE {c1d71e5c-5c49-409b-a963-23c63a7cf952} {c1d71e5c-5c49-409b-a963-23c63a7cf952}
Ripping a component li
STEE {c1d71e5c-5c49-409b-a963-23c63a7cf952} {c1d71e5c-5c49-409b-a963-23c63a7cf952}
STEE {c1d71e5c-5c49-409b-a963-23c63a7cf952} {c1d71e5c-5c49-409b-a963-23c63a7cf952}
Debug: edu.umd.cs.guitar.model.WebComponent@72286fd9 NSB Not supported by edu.umd.cs.guitar.event.WebEvent
STEE {c1d71e5c-5c49-409b-a963-23c63a7cf952} {c1d71e5c-5c49-409b-a963-23c63a7cf952}
Debug: edu.umd.cs.guitar.model.WebComponent@72286fd9 NSB Not supported by edu.umd.cs.guitar.event.WebToggleCheckbox
STEE {c1d71e5c-5c49-409b-a963-23c63a7cf952} {c1d71e5c-5c49-409b-a963-23c63a7cf952}
Ripping a component a
STEE {c1d71e5c-5c49-409b-a963-23c63a7cf952} {c1d71e5c-5c49-409b-a963-23c63a7cf952}
STEE {c1d71e5c-5c49-409b-a963-23c63a7cf952} {c1d71e5c-5c49-409b-a963-23c63a7cf952}
Debug: edu.umd.cs.guitar.model.WebComponent@1ebb2de0 NSB Not supported by edu.umd.cs.guitar.event.WebEvent
STEE {c1d71e5c-5c49-409b-a963-23c63a7cf952} {c1d71e5c-5c49-409b-a963-23c63a7cf952}
Debug: edu.umd.cs.guitar.model.WebComponent@1ebb2de0 NSB Not supported by edu.umd.cs.guitar.event.WebToggleCheckbox
STEE {c1d71e5c-5c49-409b-a963-23c63a7cf952} {c1d71e5c-5c49-409b-a963-23c63a7cf952}
Ripping a component li
STEE {c1d71e5c-5c49-409b-a963-23c63a7cf952} {c1d71e5c-5c49-409b-a963-23c63a7cf952}
STEE {c1d71e5c-5c49-409b-a963-23c63a7cf952} {c1d71e5c-5c49-409b-a963-23c63a7cf952}
Debug: edu.umd.cs.guitar.model.WebComponent@72286fd9 NSB Not supported by edu.umd.cs.guitar.event.WebEvent
STEE {c1d71e5c-5c49-409b-a963-23c63a7cf952} {c1d71e5c-5c49-409b-a963-23c63a7cf952}
Debug: edu.umd.cs.guitar.model.WebComponent@72286fd9 NSB Not supported by edu.umd.cs.guitar.event.WebToggleCheckbox
STEE {c1d71e5c-5c49-409b-a963-23c63a7cf952} {c1d71e5c-5c49-409b-a963-23c63a7cf952}
Ripping a component div
STEE {c1d71e5c-5c49-409b-a963-23c63a7cf952} {c1d71e5c-5c49-409b-a963-23c63a7cf952}
STEE {c1d71e5c-5c49-409b-a963-23c63a7cf952} {c1d71e5c-5c49-409b-a963-23c63a7cf952}
Debug: edu.umd.cs.guitar.model.WebComponent@6ca86dc5 NSB Not supported by edu.umd.cs.guitar.event.WebEvent
STEE {c1d71e5c-5c49-409b-a963-23c63a7cf952} {c1d71e5c-5c49-409b-a963-23c63a7cf952}
Debug: edu.umd.cs.guitar.model.WebComponent@6ca86dc5 NSB Not supported by edu.umd.cs.guitar.event.WebToggleCheckbox
STEE {c1d71e5c-5c49-409b-a963-23c63a7cf952} {c1d71e5c-5c49-409b-a963-23c63a7cf952}
Ripping a component li
STEE {c1d71e5c-5c49-409b-a963-23c63a7cf952} {c1d71e5c-5c49-409b-a963-23c63a7cf952}
STEE {c1d71e5c-5c49-409b-a963-23c63a7cf952} {c1d71e5c-5c49-409b-a963-23c63a7cf952}
Debug: edu.umd.cs.guitar.model.WebComponent@72286fd9 NSB Not supported by edu.umd.cs.guitar.event.WebEvent
STEE {c1d71e5c-5c49-409b-a963-23c63a7cf952} {c1d71e5c-5c49-409b-a963-23c63a7cf952}
Debug: edu.umd.cs.guitar.model.WebComponent@72286fd9 NSB Not supported by edu.umd.cs.guitar.event.WebToggleCheckbox
STEE {c1d71e5c-5c49-409b-a963-23c63a7cf952} {c1d71e5c-5c49-409b-a963-23c63a7cf952}
Ripping a component a
STEE {c1d71e5c-5c49-409b-a963-23c63a7cf952} {c1d71e5c-5c49-409b-a963-23c63a7cf952}
STEE {c1d71e5c-5c49-409b-a963-23c63a7cf952} {c1d71e5c-5c49-409b-a963-23c63a7cf952}
Debug: edu.umd.cs.guitar.model.WebComponent@241feb31 NSB Not supported by edu.umd.cs.guitar.event.WebEvent
STEE {c1d71e5c-5c49-409b-a963-23c63a7cf952} {c1d71e5c-5c49-409b-a963-23c63a7cf952}
Debug: edu.umd.cs.guitar.model.WebComponent@241feb31 NSB Not supported by edu.umd.cs.guitar.event.WebToggleCheckbox
STEE {c1d71e5c-5c49-409b-a963-23c63a7cf952} {c1d71e5c-5c49-409b-a963-23c63a7cf952}
Ripping a component li
STEE {c1d71e5c-5c49-409b-a963-23c63a7cf952} {c1d71e5c-5c49-409b-a963-23c63a7cf952}
STEE {c1d71e5c-5c49-409b-a963-23c63a7cf952} {c1d71e5c-5c49-409b-a963-23c63a7cf952}
Debug: edu.umd.cs.guitar.model.WebComponent@72286fd9 NSB Not supported by edu.umd.cs.guitar.event.WebEvent
STEE {c1d71e5c-5c49-409b-a963-23c63a7cf952} {c1d71e5c-5c49-409b-a963-23c63a7cf952}
Debug: edu.umd.cs.guitar.model.WebComponent@72286fd9 NSB Not supported by edu.umd.cs.guitar.event.WebToggleCheckbox
STEE {c1d71e5c-5c49-409b-a963-23c63a7cf952} {c1d71e5c-5c49-409b-a963-23c63a7cf952}
Ripping a component a
STEE {c1d71e5c-5c49-409b-a963-23c63a7cf952} {c1d71e5c-5c49-409b-a963-23c63a7cf952}
STEE {c1d71e5c-5c49-409b-a963-23c63a7cf952} {c1d71e5c-5c49-409b-a963-23c63a7cf952}
Debug: edu.umd.cs.guitar.model.WebComponent@dbb05b2 NSB Not supported by edu.umd.cs.guitar.event.WebEvent
STEE {c1d71e5c-5c49-409b-a963-23c63a7cf952} {c1d71e5c-5c49-409b-a963-23c63a7cf952}
Debug: edu.umd.cs.guitar.model.WebComponent@dbb05b2 NSB Not supported by edu.umd.cs.guitar.event.WebToggleCheckbox
STEE {c1d71e5c-5c49-409b-a963-23c63a7cf952} {c1d71e5c-5c49-409b-a963-23c63a7cf952}
Ripping a component li
STEE {c1d71e5c-5c49-409b-a963-23c63a7cf952} {c1d71e5c-5c49-409b-a963-23c63a7cf952}
STEE {c1d71e5c-5c49-409b-a963-23c63a7cf952} {c1d71e5c-5c49-409b-a963-23c63a7cf952}
Debug: edu.umd.cs.guitar.model.WebComponent@72286fd9 NSB Not supported by edu.umd.cs.guitar.event.WebEvent
STEE {c1d71e5c-5c49-409b-a963-23c63a7cf952} {c1d71e5c-5c49-409b-a963-23c63a7cf952}
Debug: edu.umd.cs.guitar.model.WebComponent@72286fd9 NSB Not supported by edu.umd.cs.guitar.event.WebToggleCheckbox
STEE {c1d71e5c-5c49-409b-a963-23c63a7cf952} {c1d71e5c-5c49-409b-a963-23c63a7cf952}
Ripping a component a
STEE {c1d71e5c-5c49-409b-a963-23c63a7cf952} {c1d71e5c-5c49-409b-a963-23c63a7cf952}
STEE {c1d71e5c-5c49-409b-a963-23c63a7cf952} {c1d71e5c-5c49-409b-a963-23c63a7cf952}
Debug: edu.umd.cs.guitar.model.WebComponent@407bf539 NSB Not supported by edu.umd.cs.guitar.event.WebEvent
STEE {c1d71e5c-5c49-409b-a963-23c63a7cf952} {c1d71e5c-5c49-409b-a963-23c63a7cf952}
Debug: edu.umd.cs.guitar.model.WebComponent@407bf539 NSB Not supported by edu.umd.cs.guitar.event.WebToggleCheckbox
STEE {c1d71e5c-5c49-409b-a963-23c63a7cf952} {c1d71e5c-5c49-409b-a963-23c63a7cf952}
Ripping a component li
STEE {c1d71e5c-5c49-409b-a963-23c63a7cf952} {c1d71e5c-5c49-409b-a963-23c63a7cf952}
STEE {c1d71e5c-5c49-409b-a963-23c63a7cf952} {c1d71e5c-5c49-409b-a963-23c63a7cf952}
Debug: edu.umd.cs.guitar.model.WebComponent@72286fd9 NSB Not supported by edu.umd.cs.guitar.event.WebEvent
STEE {c1d71e5c-5c49-409b-a963-23c63a7cf952} {c1d71e5c-5c49-409b-a963-23c63a7cf952}
Debug: edu.umd.cs.guitar.model.WebComponent@72286fd9 NSB Not supported by edu.umd.cs.guitar.event.WebToggleCheckbox
STEE {c1d71e5c-5c49-409b-a963-23c63a7cf952} {c1d71e5c-5c49-409b-a963-23c63a7cf952}
Ripping a component a
STEE {c1d71e5c-5c49-409b-a963-23c63a7cf952} {c1d71e5c-5c49-409b-a963-23c63a7cf952}
STEE {c1d71e5c-5c49-409b-a963-23c63a7cf952} {c1d71e5c-5c49-409b-a963-23c63a7cf952}
Debug: edu.umd.cs.guitar.model.WebComponent@14ed068a NSB Not supported by edu.umd.cs.guitar.event.WebEvent
STEE {c1d71e5c-5c49-409b-a963-23c63a7cf952} {c1d71e5c-5c49-409b-a963-23c63a7cf952}
Debug: edu.umd.cs.guitar.model.WebComponent@14ed068a NSB Not supported by edu.umd.cs.guitar.event.WebToggleCheckbox
STEE {c1d71e5c-5c49-409b-a963-23c63a7cf952} {c1d71e5c-5c49-409b-a963-23c63a7cf952}
Ripping a component li
STEE {c1d71e5c-5c49-409b-a963-23c63a7cf952} {c1d71e5c-5c49-409b-a963-23c63a7cf952}
STEE {c1d71e5c-5c49-409b-a963-23c63a7cf952} {c1d71e5c-5c49-409b-a963-23c63a7cf952}
Debug: edu.umd.cs.guitar.model.WebComponent@72286fd9 NSB Not supported by edu.umd.cs.guitar.event.WebEvent
STEE {c1d71e5c-5c49-409b-a963-23c63a7cf952} {c1d71e5c-5c49-409b-a963-23c63a7cf952}
Debug: edu.umd.cs.guitar.model.WebComponent@72286fd9 NSB Not supported by edu.umd.cs.guitar.event.WebToggleCheckbox
STEE {c1d71e5c-5c49-409b-a963-23c63a7cf952} {c1d71e5c-5c49-409b-a963-23c63a7cf952}
Ripping a component a
STEE {c1d71e5c-5c49-409b-a963-23c63a7cf952} {c1d71e5c-5c49-409b-a963-23c63a7cf952}
STEE {c1d71e5c-5c49-409b-a963-23c63a7cf952} {c1d71e5c-5c49-409b-a963-23c63a7cf952}
Debug: edu.umd.cs.guitar.model.WebComponent@2db5e390 NSB Not supported by edu.umd.cs.guitar.event.WebEvent
STEE {c1d71e5c-5c49-409b-a963-23c63a7cf952} {c1d71e5c-5c49-409b-a963-23c63a7cf952}
Debug: edu.umd.cs.guitar.model.WebComponent@2db5e390 NSB Not supported by edu.umd.cs.guitar.event.WebToggleCheckbox
STEE {c1d71e5c-5c49-409b-a963-23c63a7cf952} {c1d71e5c-5c49-409b-a963-23c63a7cf952}
Ripping a component li
STEE {c1d71e5c-5c49-409b-a963-23c63a7cf952} {c1d71e5c-5c49-409b-a963-23c63a7cf952}
STEE {c1d71e5c-5c49-409b-a963-23c63a7cf952} {c1d71e5c-5c49-409b-a963-23c63a7cf952}
Debug: edu.umd.cs.guitar.model.WebComponent@72286fd9 NSB Not supported by edu.umd.cs.guitar.event.WebEvent
STEE {c1d71e5c-5c49-409b-a963-23c63a7cf952} {c1d71e5c-5c49-409b-a963-23c63a7cf952}
Debug: edu.umd.cs.guitar.model.WebComponent@72286fd9 NSB Not supported by edu.umd.cs.guitar.event.WebToggleCheckbox
STEE {c1d71e5c-5c49-409b-a963-23c63a7cf952} {c1d71e5c-5c49-409b-a963-23c63a7cf952}
Ripping a component a
STEE {c1d71e5c-5c49-409b-a963-23c63a7cf952} {c1d71e5c-5c49-409b-a963-23c63a7cf952}
STEE {c1d71e5c-5c49-409b-a963-23c63a7cf952} {c1d71e5c-5c49-409b-a963-23c63a7cf952}
Debug: edu.umd.cs.guitar.model.WebComponent@234865ed NSB Not supported by edu.umd.cs.guitar.event.WebEvent
STEE {c1d71e5c-5c49-409b-a963-23c63a7cf952} {c1d71e5c-5c49-409b-a963-23c63a7cf952}
Debug: edu.umd.cs.guitar.model.WebComponent@234865ed NSB Not supported by edu.umd.cs.guitar.event.WebToggleCheckbox
STEE {c1d71e5c-5c49-409b-a963-23c63a7cf952} {c1d71e5c-5c49-409b-a963-23c63a7cf952}
Ripping a component li
STEE {c1d71e5c-5c49-409b-a963-23c63a7cf952} {c1d71e5c-5c49-409b-a963-23c63a7cf952}
STEE {c1d71e5c-5c49-409b-a963-23c63a7cf952} {c1d71e5c-5c49-409b-a963-23c63a7cf952}
Debug: edu.umd.cs.guitar.model.WebComponent@72286fd9 NSB Not supported by edu.umd.cs.guitar.event.WebEvent
STEE {c1d71e5c-5c49-409b-a963-23c63a7cf952} {c1d71e5c-5c49-409b-a963-23c63a7cf952}
Debug: edu.umd.cs.guitar.model.WebComponent@72286fd9 NSB Not supported by edu.umd.cs.guitar.event.WebToggleCheckbox
STEE {c1d71e5c-5c49-409b-a963-23c63a7cf952} {c1d71e5c-5c49-409b-a963-23c63a7cf952}
Ripping a component a
STEE {c1d71e5c-5c49-409b-a963-23c63a7cf952} {c1d71e5c-5c49-409b-a963-23c63a7cf952}
STEE {c1d71e5c-5c49-409b-a963-23c63a7cf952} {c1d71e5c-5c49-409b-a963-23c63a7cf952}
Debug: edu.umd.cs.guitar.model.WebComponent@4c12ca11 NSB Not supported by edu.umd.cs.guitar.event.WebEvent
STEE {c1d71e5c-5c49-409b-a963-23c63a7cf952} {c1d71e5c-5c49-409b-a963-23c63a7cf952}
Debug: edu.umd.cs.guitar.model.WebComponent@4c12ca11 NSB Not supported by edu.umd.cs.guitar.event.WebToggleCheckbox
STEE {c1d71e5c-5c49-409b-a963-23c63a7cf952} {c1d71e5c-5c49-409b-a963-23c63a7cf952}
Ripping a component li
STEE {c1d71e5c-5c49-409b-a963-23c63a7cf952} {c1d71e5c-5c49-409b-a963-23c63a7cf952}
STEE {c1d71e5c-5c49-409b-a963-23c63a7cf952} {c1d71e5c-5c49-409b-a963-23c63a7cf952}
Debug: edu.umd.cs.guitar.model.WebComponent@72286fd9 NSB Not supported by edu.umd.cs.guitar.event.WebEvent
STEE {c1d71e5c-5c49-409b-a963-23c63a7cf952} {c1d71e5c-5c49-409b-a963-23c63a7cf952}
Debug: edu.umd.cs.guitar.model.WebComponent@72286fd9 NSB Not supported by edu.umd.cs.guitar.event.WebToggleCheckbox
STEE {c1d71e5c-5c49-409b-a963-23c63a7cf952} {c1d71e5c-5c49-409b-a963-23c63a7cf952}
Ripping a component div
STEE {c1d71e5c-5c49-409b-a963-23c63a7cf952} {c1d71e5c-5c49-409b-a963-23c63a7cf952}
STEE {c1d71e5c-5c49-409b-a963-23c63a7cf952} {c1d71e5c-5c49-409b-a963-23c63a7cf952}
Debug: edu.umd.cs.guitar.model.WebComponent@6ca86dc5 NSB Not supported by edu.umd.cs.guitar.event.WebEvent
STEE {c1d71e5c-5c49-409b-a963-23c63a7cf952} {c1d71e5c-5c49-409b-a963-23c63a7cf952}
Debug: edu.umd.cs.guitar.model.WebComponent@6ca86dc5 NSB Not supported by edu.umd.cs.guitar.event.WebToggleCheckbox
STEE {c1d71e5c-5c49-409b-a963-23c63a7cf952} {c1d71e5c-5c49-409b-a963-23c63a7cf952}
Ripping a component li
STEE {c1d71e5c-5c49-409b-a963-23c63a7cf952} {c1d71e5c-5c49-409b-a963-23c63a7cf952}
STEE {c1d71e5c-5c49-409b-a963-23c63a7cf952} {c1d71e5c-5c49-409b-a963-23c63a7cf952}
Debug: edu.umd.cs.guitar.model.WebComponent@72286fd9 NSB Not supported by edu.umd.cs.guitar.event.WebEvent
STEE {c1d71e5c-5c49-409b-a963-23c63a7cf952} {c1d71e5c-5c49-409b-a963-23c63a7cf952}
Debug: edu.umd.cs.guitar.model.WebComponent@72286fd9 NSB Not supported by edu.umd.cs.guitar.event.WebToggleCheckbox
STEE {c1d71e5c-5c49-409b-a963-23c63a7cf952} {c1d71e5c-5c49-409b-a963-23c63a7cf952}
Ripping a component a
STEE {c1d71e5c-5c49-409b-a963-23c63a7cf952} {c1d71e5c-5c49-409b-a963-23c63a7cf952}
STEE {c1d71e5c-5c49-409b-a963-23c63a7cf952} {c1d71e5c-5c49-409b-a963-23c63a7cf952}
Debug: edu.umd.cs.guitar.model.WebComponent@30b257d4 NSB Not supported by edu.umd.cs.guitar.event.WebEvent
STEE {c1d71e5c-5c49-409b-a963-23c63a7cf952} {c1d71e5c-5c49-409b-a963-23c63a7cf952}
Debug: edu.umd.cs.guitar.model.WebComponent@30b257d4 NSB Not supported by edu.umd.cs.guitar.event.WebToggleCheckbox
STEE {c1d71e5c-5c49-409b-a963-23c63a7cf952} {c1d71e5c-5c49-409b-a963-23c63a7cf952}
Ripping a component div
STEE {c1d71e5c-5c49-409b-a963-23c63a7cf952} {c1d71e5c-5c49-409b-a963-23c63a7cf952}
STEE {c1d71e5c-5c49-409b-a963-23c63a7cf952} {c1d71e5c-5c49-409b-a963-23c63a7cf952}
Debug: edu.umd.cs.guitar.model.WebComponent@6ca9fcb1 NSB Not supported by edu.umd.cs.guitar.event.WebEvent
STEE {c1d71e5c-5c49-409b-a963-23c63a7cf952} {c1d71e5c-5c49-409b-a963-23c63a7cf952}
Debug: edu.umd.cs.guitar.model.WebComponent@6ca9fcb1 NSB Not supported by edu.umd.cs.guitar.event.WebToggleCheckbox
STEE {c1d71e5c-5c49-409b-a963-23c63a7cf952} {c1d71e5c-5c49-409b-a963-23c63a7cf952}
Ripping a component h2
STEE {c1d71e5c-5c49-409b-a963-23c63a7cf952} {c1d71e5c-5c49-409b-a963-23c63a7cf952}
STEE {c1d71e5c-5c49-409b-a963-23c63a7cf952} {c1d71e5c-5c49-409b-a963-23c63a7cf952}
Debug: edu.umd.cs.guitar.model.WebComponent@722b0fcc NSB Not supported by edu.umd.cs.guitar.event.WebEvent
STEE {c1d71e5c-5c49-409b-a963-23c63a7cf952} {c1d71e5c-5c49-409b-a963-23c63a7cf952}
Debug: edu.umd.cs.guitar.model.WebComponent@722b0fcc NSB Not supported by edu.umd.cs.guitar.event.WebToggleCheckbox
STEE {c1d71e5c-5c49-409b-a963-23c63a7cf952} {c1d71e5c-5c49-409b-a963-23c63a7cf952}
Ripping a component span
STEE {c1d71e5c-5c49-409b-a963-23c63a7cf952} {c1d71e5c-5c49-409b-a963-23c63a7cf952}
STEE {c1d71e5c-5c49-409b-a963-23c63a7cf952} {c1d71e5c-5c49-409b-a963-23c63a7cf952}
Debug: edu.umd.cs.guitar.model.WebComponent@583a3ab4 NSB Not supported by edu.umd.cs.guitar.event.WebEvent
STEE {c1d71e5c-5c49-409b-a963-23c63a7cf952} {c1d71e5c-5c49-409b-a963-23c63a7cf952}
Debug: edu.umd.cs.guitar.model.WebComponent@583a3ab4 NSB Not supported by edu.umd.cs.guitar.event.WebToggleCheckbox
STEE {c1d71e5c-5c49-409b-a963-23c63a7cf952} {c1d71e5c-5c49-409b-a963-23c63a7cf952}
Ripping a component ol
STEE {c1d71e5c-5c49-409b-a963-23c63a7cf952} {c1d71e5c-5c49-409b-a963-23c63a7cf952}
STEE {c1d71e5c-5c49-409b-a963-23c63a7cf952} {c1d71e5c-5c49-409b-a963-23c63a7cf952}
Debug: edu.umd.cs.guitar.model.WebComponent@72270779 NSB Not supported by edu.umd.cs.guitar.event.WebEvent
STEE {c1d71e5c-5c49-409b-a963-23c63a7cf952} {c1d71e5c-5c49-409b-a963-23c63a7cf952}
Debug: edu.umd.cs.guitar.model.WebComponent@72270779 NSB Not supported by edu.umd.cs.guitar.event.WebToggleCheckbox
STEE {c1d71e5c-5c49-409b-a963-23c63a7cf952} {c1d71e5c-5c49-409b-a963-23c63a7cf952}
Ripping a component li
STEE {c1d71e5c-5c49-409b-a963-23c63a7cf952} {c1d71e5c-5c49-409b-a963-23c63a7cf952}
STEE {c1d71e5c-5c49-409b-a963-23c63a7cf952} {c1d71e5c-5c49-409b-a963-23c63a7cf952}
Debug: edu.umd.cs.guitar.model.WebComponent@72286fd9 NSB Not supported by edu.umd.cs.guitar.event.WebEvent
STEE {c1d71e5c-5c49-409b-a963-23c63a7cf952} {c1d71e5c-5c49-409b-a963-23c63a7cf952}
Debug: edu.umd.cs.guitar.model.WebComponent@72286fd9 NSB Not supported by edu.umd.cs.guitar.event.WebToggleCheckbox
STEE {c1d71e5c-5c49-409b-a963-23c63a7cf952} {c1d71e5c-5c49-409b-a963-23c63a7cf952}
Ripping a component a
ETL https://www.google.com/accounts/ServiceLogin?hl=en&continue=http://www.google.com/
STEE {c1d71e5c-5c49-409b-a963-23c63a7cf952} {c1d71e5c-5c49-409b-a963-23c63a7cf952}
STEE {c1d71e5c-5c49-409b-a963-23c63a7cf952} {c1d71e5c-5c49-409b-a963-23c63a7cf952}
Debug: edu.umd.cs.guitar.model.WebComponent@1e33bfb NSB Not supported by edu.umd.cs.guitar.event.WebToggleCheckbox
STEE {c1d71e5c-5c49-409b-a963-23c63a7cf952} {c1d71e5c-5c49-409b-a963-23c63a7cf952}
Ripping a component span
STEE {c1d71e5c-5c49-409b-a963-23c63a7cf952} {c1d71e5c-5c49-409b-a963-23c63a7cf952}
STEE {c1d71e5c-5c49-409b-a963-23c63a7cf952} {c1d71e5c-5c49-409b-a963-23c63a7cf952}
Debug: edu.umd.cs.guitar.model.WebComponent@583a3ab4 NSB Not supported by edu.umd.cs.guitar.event.WebEvent
STEE {c1d71e5c-5c49-409b-a963-23c63a7cf952} {c1d71e5c-5c49-409b-a963-23c63a7cf952}
Debug: edu.umd.cs.guitar.model.WebComponent@583a3ab4 NSB Not supported by edu.umd.cs.guitar.event.WebToggleCheckbox
STEE {c1d71e5c-5c49-409b-a963-23c63a7cf952} {c1d71e5c-5c49-409b-a963-23c63a7cf952}
Ripping a component span
STEE {c1d71e5c-5c49-409b-a963-23c63a7cf952} {c1d71e5c-5c49-409b-a963-23c63a7cf952}
STEE {c1d71e5c-5c49-409b-a963-23c63a7cf952} {c1d71e5c-5c49-409b-a963-23c63a7cf952}
Debug: edu.umd.cs.guitar.model.WebComponent@5260a8a7 NSB Not supported by edu.umd.cs.guitar.event.WebEvent
STEE {c1d71e5c-5c49-409b-a963-23c63a7cf952} {c1d71e5c-5c49-409b-a963-23c63a7cf952}
Debug: edu.umd.cs.guitar.model.WebComponent@5260a8a7 NSB Not supported by edu.umd.cs.guitar.event.WebToggleCheckbox
STEE {c1d71e5c-5c49-409b-a963-23c63a7cf952} {c1d71e5c-5c49-409b-a963-23c63a7cf952}
Ripping a component span
STEE {c1d71e5c-5c49-409b-a963-23c63a7cf952} {c1d71e5c-5c49-409b-a963-23c63a7cf952}
STEE {c1d71e5c-5c49-409b-a963-23c63a7cf952} {c1d71e5c-5c49-409b-a963-23c63a7cf952}
Debug: edu.umd.cs.guitar.model.WebComponent@5d1e78f0 NSB Not supported by edu.umd.cs.guitar.event.WebEvent
STEE {c1d71e5c-5c49-409b-a963-23c63a7cf952} {c1d71e5c-5c49-409b-a963-23c63a7cf952}
Debug: edu.umd.cs.guitar.model.WebComponent@5d1e78f0 NSB Not supported by edu.umd.cs.guitar.event.WebToggleCheckbox
STEE {c1d71e5c-5c49-409b-a963-23c63a7cf952} {c1d71e5c-5c49-409b-a963-23c63a7cf952}
Ripping a component li
STEE {c1d71e5c-5c49-409b-a963-23c63a7cf952} {c1d71e5c-5c49-409b-a963-23c63a7cf952}
STEE {c1d71e5c-5c49-409b-a963-23c63a7cf952} {c1d71e5c-5c49-409b-a963-23c63a7cf952}
Debug: edu.umd.cs.guitar.model.WebComponent@72286fd9 NSB Not supported by edu.umd.cs.guitar.event.WebEvent
STEE {c1d71e5c-5c49-409b-a963-23c63a7cf952} {c1d71e5c-5c49-409b-a963-23c63a7cf952}
Debug: edu.umd.cs.guitar.model.WebComponent@72286fd9 NSB Not supported by edu.umd.cs.guitar.event.WebToggleCheckbox
STEE {c1d71e5c-5c49-409b-a963-23c63a7cf952} {c1d71e5c-5c49-409b-a963-23c63a7cf952}
Ripping a component span
STEE {c1d71e5c-5c49-409b-a963-23c63a7cf952} {c1d71e5c-5c49-409b-a963-23c63a7cf952}
STEE {c1d71e5c-5c49-409b-a963-23c63a7cf952} {c1d71e5c-5c49-409b-a963-23c63a7cf952}
Debug: edu.umd.cs.guitar.model.WebComponent@583a3ab4 NSB Not supported by edu.umd.cs.guitar.event.WebEvent
STEE {c1d71e5c-5c49-409b-a963-23c63a7cf952} {c1d71e5c-5c49-409b-a963-23c63a7cf952}
Debug: edu.umd.cs.guitar.model.WebComponent@583a3ab4 NSB Not supported by edu.umd.cs.guitar.event.WebToggleCheckbox
STEE {c1d71e5c-5c49-409b-a963-23c63a7cf952} {c1d71e5c-5c49-409b-a963-23c63a7cf952}
Ripping a component li
STEE {c1d71e5c-5c49-409b-a963-23c63a7cf952} {c1d71e5c-5c49-409b-a963-23c63a7cf952}
STEE {c1d71e5c-5c49-409b-a963-23c63a7cf952} {c1d71e5c-5c49-409b-a963-23c63a7cf952}
Debug: edu.umd.cs.guitar.model.WebComponent@72286fd9 NSB Not supported by edu.umd.cs.guitar.event.WebEvent
STEE {c1d71e5c-5c49-409b-a963-23c63a7cf952} {c1d71e5c-5c49-409b-a963-23c63a7cf952}
Debug: edu.umd.cs.guitar.model.WebComponent@72286fd9 NSB Not supported by edu.umd.cs.guitar.event.WebToggleCheckbox
STEE {c1d71e5c-5c49-409b-a963-23c63a7cf952} {c1d71e5c-5c49-409b-a963-23c63a7cf952}
Ripping a component a
ETL http://www.google.com/preferences?hl=en
STEE {c1d71e5c-5c49-409b-a963-23c63a7cf952} {c1d71e5c-5c49-409b-a963-23c63a7cf952}
STEE {c1d71e5c-5c49-409b-a963-23c63a7cf952} {c1d71e5c-5c49-409b-a963-23c63a7cf952}
Debug: edu.umd.cs.guitar.model.WebComponent@540f030d NSB Not supported by edu.umd.cs.guitar.event.WebToggleCheckbox
STEE {c1d71e5c-5c49-409b-a963-23c63a7cf952} {c1d71e5c-5c49-409b-a963-23c63a7cf952}
Ripping a component span
STEE {c1d71e5c-5c49-409b-a963-23c63a7cf952} {c1d71e5c-5c49-409b-a963-23c63a7cf952}
STEE {c1d71e5c-5c49-409b-a963-23c63a7cf952} {c1d71e5c-5c49-409b-a963-23c63a7cf952}
Debug: edu.umd.cs.guitar.model.WebComponent@583a3ab4 NSB Not supported by edu.umd.cs.guitar.event.WebEvent
STEE {c1d71e5c-5c49-409b-a963-23c63a7cf952} {c1d71e5c-5c49-409b-a963-23c63a7cf952}
Debug: edu.umd.cs.guitar.model.WebComponent@583a3ab4 NSB Not supported by edu.umd.cs.guitar.event.WebToggleCheckbox
STEE {c1d71e5c-5c49-409b-a963-23c63a7cf952} {c1d71e5c-5c49-409b-a963-23c63a7cf952}
Ripping a component span
STEE {c1d71e5c-5c49-409b-a963-23c63a7cf952} {c1d71e5c-5c49-409b-a963-23c63a7cf952}
STEE {c1d71e5c-5c49-409b-a963-23c63a7cf952} {c1d71e5c-5c49-409b-a963-23c63a7cf952}
Debug: edu.umd.cs.guitar.model.WebComponent@5260a8a6 NSB Not supported by edu.umd.cs.guitar.event.WebEvent
STEE {c1d71e5c-5c49-409b-a963-23c63a7cf952} {c1d71e5c-5c49-409b-a963-23c63a7cf952}
Debug: edu.umd.cs.guitar.model.WebComponent@5260a8a6 NSB Not supported by edu.umd.cs.guitar.event.WebToggleCheckbox
STEE {c1d71e5c-5c49-409b-a963-23c63a7cf952} {c1d71e5c-5c49-409b-a963-23c63a7cf952}
Ripping a component span
STEE {c1d71e5c-5c49-409b-a963-23c63a7cf952} {c1d71e5c-5c49-409b-a963-23c63a7cf952}
STEE {c1d71e5c-5c49-409b-a963-23c63a7cf952} {c1d71e5c-5c49-409b-a963-23c63a7cf952}
Debug: edu.umd.cs.guitar.model.WebComponent@5809ebad NSB Not supported by edu.umd.cs.guitar.event.WebEvent
STEE {c1d71e5c-5c49-409b-a963-23c63a7cf952} {c1d71e5c-5c49-409b-a963-23c63a7cf952}
Debug: edu.umd.cs.guitar.model.WebComponent@5809ebad NSB Not supported by edu.umd.cs.guitar.event.WebToggleCheckbox
STEE {c1d71e5c-5c49-409b-a963-23c63a7cf952} {c1d71e5c-5c49-409b-a963-23c63a7cf952}
Ripping a component div
STEE {c1d71e5c-5c49-409b-a963-23c63a7cf952} {c1d71e5c-5c49-409b-a963-23c63a7cf952}
STEE {c1d71e5c-5c49-409b-a963-23c63a7cf952} {c1d71e5c-5c49-409b-a963-23c63a7cf952}
Debug: edu.umd.cs.guitar.model.WebComponent@6cd8bc31 NSB Not supported by edu.umd.cs.guitar.event.WebEvent
STEE {c1d71e5c-5c49-409b-a963-23c63a7cf952} {c1d71e5c-5c49-409b-a963-23c63a7cf952}
Debug: edu.umd.cs.guitar.model.WebComponent@6cd8bc31 NSB Not supported by edu.umd.cs.guitar.event.WebToggleCheckbox
STEE {c1d71e5c-5c49-409b-a963-23c63a7cf952} {c1d71e5c-5c49-409b-a963-23c63a7cf952}
Ripping a component div
STEE {c1d71e5c-5c49-409b-a963-23c63a7cf952} {c1d71e5c-5c49-409b-a963-23c63a7cf952}
STEE {c1d71e5c-5c49-409b-a963-23c63a7cf952} {c1d71e5c-5c49-409b-a963-23c63a7cf952}
Debug: edu.umd.cs.guitar.model.WebComponent@6ca86dc5 NSB Not supported by edu.umd.cs.guitar.event.WebEvent
STEE {c1d71e5c-5c49-409b-a963-23c63a7cf952} {c1d71e5c-5c49-409b-a963-23c63a7cf952}
Debug: edu.umd.cs.guitar.model.WebComponent@6ca86dc5 NSB Not supported by edu.umd.cs.guitar.event.WebToggleCheckbox
STEE {c1d71e5c-5c49-409b-a963-23c63a7cf952} {c1d71e5c-5c49-409b-a963-23c63a7cf952}
Ripping a component ol
STEE {c1d71e5c-5c49-409b-a963-23c63a7cf952} {c1d71e5c-5c49-409b-a963-23c63a7cf952}
STEE {c1d71e5c-5c49-409b-a963-23c63a7cf952} {c1d71e5c-5c49-409b-a963-23c63a7cf952}
Debug: edu.umd.cs.guitar.model.WebComponent@72270779 NSB Not supported by edu.umd.cs.guitar.event.WebEvent
STEE {c1d71e5c-5c49-409b-a963-23c63a7cf952} {c1d71e5c-5c49-409b-a963-23c63a7cf952}
Debug: edu.umd.cs.guitar.model.WebComponent@72270779 NSB Not supported by edu.umd.cs.guitar.event.WebToggleCheckbox
STEE {c1d71e5c-5c49-409b-a963-23c63a7cf952} {c1d71e5c-5c49-409b-a963-23c63a7cf952}
Ripping a component li
STEE {c1d71e5c-5c49-409b-a963-23c63a7cf952} {c1d71e5c-5c49-409b-a963-23c63a7cf952}
STEE {c1d71e5c-5c49-409b-a963-23c63a7cf952} {c1d71e5c-5c49-409b-a963-23c63a7cf952}
Debug: edu.umd.cs.guitar.model.WebComponent@72286fd9 NSB Not supported by edu.umd.cs.guitar.event.WebEvent
STEE {c1d71e5c-5c49-409b-a963-23c63a7cf952} {c1d71e5c-5c49-409b-a963-23c63a7cf952}
Debug: edu.umd.cs.guitar.model.WebComponent@72286fd9 NSB Not supported by edu.umd.cs.guitar.event.WebToggleCheckbox
STEE {c1d71e5c-5c49-409b-a963-23c63a7cf952} {c1d71e5c-5c49-409b-a963-23c63a7cf952}
Ripping a component a
STEE {c1d71e5c-5c49-409b-a963-23c63a7cf952} {c1d71e5c-5c49-409b-a963-23c63a7cf952}
STEE {c1d71e5c-5c49-409b-a963-23c63a7cf952} {c1d71e5c-5c49-409b-a963-23c63a7cf952}
Debug: edu.umd.cs.guitar.model.WebComponent@3cf8c4bf NSB Not supported by edu.umd.cs.guitar.event.WebEvent
STEE {c1d71e5c-5c49-409b-a963-23c63a7cf952} {c1d71e5c-5c49-409b-a963-23c63a7cf952}
Debug: edu.umd.cs.guitar.model.WebComponent@3cf8c4bf NSB Not supported by edu.umd.cs.guitar.event.WebToggleCheckbox
STEE {c1d71e5c-5c49-409b-a963-23c63a7cf952} {c1d71e5c-5c49-409b-a963-23c63a7cf952}
Ripping a component li
STEE {c1d71e5c-5c49-409b-a963-23c63a7cf952} {c1d71e5c-5c49-409b-a963-23c63a7cf952}
STEE {c1d71e5c-5c49-409b-a963-23c63a7cf952} {c1d71e5c-5c49-409b-a963-23c63a7cf952}
Debug: edu.umd.cs.guitar.model.WebComponent@72286fd9 NSB Not supported by edu.umd.cs.guitar.event.WebEvent
STEE {c1d71e5c-5c49-409b-a963-23c63a7cf952} {c1d71e5c-5c49-409b-a963-23c63a7cf952}
Debug: edu.umd.cs.guitar.model.WebComponent@72286fd9 NSB Not supported by edu.umd.cs.guitar.event.WebToggleCheckbox
STEE {c1d71e5c-5c49-409b-a963-23c63a7cf952} {c1d71e5c-5c49-409b-a963-23c63a7cf952}
Ripping a component div
STEE {c1d71e5c-5c49-409b-a963-23c63a7cf952} {c1d71e5c-5c49-409b-a963-23c63a7cf952}
STEE {c1d71e5c-5c49-409b-a963-23c63a7cf952} {c1d71e5c-5c49-409b-a963-23c63a7cf952}
Debug: edu.umd.cs.guitar.model.WebComponent@6ca86dc5 NSB Not supported by edu.umd.cs.guitar.event.WebEvent
STEE {c1d71e5c-5c49-409b-a963-23c63a7cf952} {c1d71e5c-5c49-409b-a963-23c63a7cf952}
Debug: edu.umd.cs.guitar.model.WebComponent@6ca86dc5 NSB Not supported by edu.umd.cs.guitar.event.WebToggleCheckbox
STEE {c1d71e5c-5c49-409b-a963-23c63a7cf952} {c1d71e5c-5c49-409b-a963-23c63a7cf952}
Ripping a component li
STEE {c1d71e5c-5c49-409b-a963-23c63a7cf952} {c1d71e5c-5c49-409b-a963-23c63a7cf952}
STEE {c1d71e5c-5c49-409b-a963-23c63a7cf952} {c1d71e5c-5c49-409b-a963-23c63a7cf952}
Debug: edu.umd.cs.guitar.model.WebComponent@72286fd9 NSB Not supported by edu.umd.cs.guitar.event.WebEvent
STEE {c1d71e5c-5c49-409b-a963-23c63a7cf952} {c1d71e5c-5c49-409b-a963-23c63a7cf952}
Debug: edu.umd.cs.guitar.model.WebComponent@72286fd9 NSB Not supported by edu.umd.cs.guitar.event.WebToggleCheckbox
STEE {c1d71e5c-5c49-409b-a963-23c63a7cf952} {c1d71e5c-5c49-409b-a963-23c63a7cf952}
Ripping a component a
STEE {c1d71e5c-5c49-409b-a963-23c63a7cf952} {c1d71e5c-5c49-409b-a963-23c63a7cf952}
STEE {c1d71e5c-5c49-409b-a963-23c63a7cf952} {c1d71e5c-5c49-409b-a963-23c63a7cf952}
Debug: edu.umd.cs.guitar.model.WebComponent@6119201c NSB Not supported by edu.umd.cs.guitar.event.WebEvent
STEE {c1d71e5c-5c49-409b-a963-23c63a7cf952} {c1d71e5c-5c49-409b-a963-23c63a7cf952}
Debug: edu.umd.cs.guitar.model.WebComponent@6119201c NSB Not supported by edu.umd.cs.guitar.event.WebToggleCheckbox
STEE {c1d71e5c-5c49-409b-a963-23c63a7cf952} {c1d71e5c-5c49-409b-a963-23c63a7cf952}
Ripping a component li
STEE {c1d71e5c-5c49-409b-a963-23c63a7cf952} {c1d71e5c-5c49-409b-a963-23c63a7cf952}
STEE {c1d71e5c-5c49-409b-a963-23c63a7cf952} {c1d71e5c-5c49-409b-a963-23c63a7cf952}
Debug: edu.umd.cs.guitar.model.WebComponent@72286fd9 NSB Not supported by edu.umd.cs.guitar.event.WebEvent
STEE {c1d71e5c-5c49-409b-a963-23c63a7cf952} {c1d71e5c-5c49-409b-a963-23c63a7cf952}
Debug: edu.umd.cs.guitar.model.WebComponent@72286fd9 NSB Not supported by edu.umd.cs.guitar.event.WebToggleCheckbox
STEE {c1d71e5c-5c49-409b-a963-23c63a7cf952} {c1d71e5c-5c49-409b-a963-23c63a7cf952}
Ripping a component div
STEE {c1d71e5c-5c49-409b-a963-23c63a7cf952} {c1d71e5c-5c49-409b-a963-23c63a7cf952}
STEE {c1d71e5c-5c49-409b-a963-23c63a7cf952} {c1d71e5c-5c49-409b-a963-23c63a7cf952}
Debug: edu.umd.cs.guitar.model.WebComponent@6ca86dc5 NSB Not supported by edu.umd.cs.guitar.event.WebEvent
STEE {c1d71e5c-5c49-409b-a963-23c63a7cf952} {c1d71e5c-5c49-409b-a963-23c63a7cf952}
Debug: edu.umd.cs.guitar.model.WebComponent@6ca86dc5 NSB Not supported by edu.umd.cs.guitar.event.WebToggleCheckbox
STEE {c1d71e5c-5c49-409b-a963-23c63a7cf952} {c1d71e5c-5c49-409b-a963-23c63a7cf952}
Ripping a component div
STEE {c1d71e5c-5c49-409b-a963-23c63a7cf952} {c1d71e5c-5c49-409b-a963-23c63a7cf952}
STEE {c1d71e5c-5c49-409b-a963-23c63a7cf952} {c1d71e5c-5c49-409b-a963-23c63a7cf952}
Debug: edu.umd.cs.guitar.model.WebComponent@7284b08c NSB Not supported by edu.umd.cs.guitar.event.WebEvent
STEE {c1d71e5c-5c49-409b-a963-23c63a7cf952} {c1d71e5c-5c49-409b-a963-23c63a7cf952}
Debug: edu.umd.cs.guitar.model.WebComponent@7284b08c NSB Not supported by edu.umd.cs.guitar.event.WebToggleCheckbox
STEE {c1d71e5c-5c49-409b-a963-23c63a7cf952} {c1d71e5c-5c49-409b-a963-23c63a7cf952}
Ripping a component div
STEE {c1d71e5c-5c49-409b-a963-23c63a7cf952} {c1d71e5c-5c49-409b-a963-23c63a7cf952}
STEE {c1d71e5c-5c49-409b-a963-23c63a7cf952} {c1d71e5c-5c49-409b-a963-23c63a7cf952}
Debug: edu.umd.cs.guitar.model.WebComponent@6cd8be99 NSB Not supported by edu.umd.cs.guitar.event.WebEvent
STEE {c1d71e5c-5c49-409b-a963-23c63a7cf952} {c1d71e5c-5c49-409b-a963-23c63a7cf952}
Debug: edu.umd.cs.guitar.model.WebComponent@6cd8be99 NSB Not supported by edu.umd.cs.guitar.event.WebToggleCheckbox
STEE {c1d71e5c-5c49-409b-a963-23c63a7cf952} {c1d71e5c-5c49-409b-a963-23c63a7cf952}
Ripping a component div
STEE {c1d71e5c-5c49-409b-a963-23c63a7cf952} {c1d71e5c-5c49-409b-a963-23c63a7cf952}
STEE {c1d71e5c-5c49-409b-a963-23c63a7cf952} {c1d71e5c-5c49-409b-a963-23c63a7cf952}
Debug: edu.umd.cs.guitar.model.WebComponent@6cd8be9a NSB Not supported by edu.umd.cs.guitar.event.WebEvent
STEE {c1d71e5c-5c49-409b-a963-23c63a7cf952} {c1d71e5c-5c49-409b-a963-23c63a7cf952}
Debug: edu.umd.cs.guitar.model.WebComponent@6cd8be9a NSB Not supported by edu.umd.cs.guitar.event.WebToggleCheckbox
STEE {c1d71e5c-5c49-409b-a963-23c63a7cf952} {c1d71e5c-5c49-409b-a963-23c63a7cf952}
Ripping a component div
STEE {c1d71e5c-5c49-409b-a963-23c63a7cf952} {c1d71e5c-5c49-409b-a963-23c63a7cf952}
STEE {c1d71e5c-5c49-409b-a963-23c63a7cf952} {c1d71e5c-5c49-409b-a963-23c63a7cf952}
Debug: edu.umd.cs.guitar.model.WebComponent@6cd8be9b NSB Not supported by edu.umd.cs.guitar.event.WebEvent
STEE {c1d71e5c-5c49-409b-a963-23c63a7cf952} {c1d71e5c-5c49-409b-a963-23c63a7cf952}
Debug: edu.umd.cs.guitar.model.WebComponent@6cd8be9b NSB Not supported by edu.umd.cs.guitar.event.WebToggleCheckbox
STEE {c1d71e5c-5c49-409b-a963-23c63a7cf952} {c1d71e5c-5c49-409b-a963-23c63a7cf952}
Ripping a component div
STEE {c1d71e5c-5c49-409b-a963-23c63a7cf952} {c1d71e5c-5c49-409b-a963-23c63a7cf952}
STEE {c1d71e5c-5c49-409b-a963-23c63a7cf952} {c1d71e5c-5c49-409b-a963-23c63a7cf952}
Debug: edu.umd.cs.guitar.model.WebComponent@6cd8be9c NSB Not supported by edu.umd.cs.guitar.event.WebEvent
STEE {c1d71e5c-5c49-409b-a963-23c63a7cf952} {c1d71e5c-5c49-409b-a963-23c63a7cf952}
Debug: edu.umd.cs.guitar.model.WebComponent@6cd8be9c NSB Not supported by edu.umd.cs.guitar.event.WebToggleCheckbox
STEE {c1d71e5c-5c49-409b-a963-23c63a7cf952} {c1d71e5c-5c49-409b-a963-23c63a7cf952}
Ripping a component iframe
STEE {c1d71e5c-5c49-409b-a963-23c63a7cf952} {c1d71e5c-5c49-409b-a963-23c63a7cf952}
STEE {c1d71e5c-5c49-409b-a963-23c63a7cf952} {c1d71e5c-5c49-409b-a963-23c63a7cf952}
Debug: edu.umd.cs.guitar.model.WebComponent@1267990a NSB Not supported by edu.umd.cs.guitar.event.WebEvent
STEE {c1d71e5c-5c49-409b-a963-23c63a7cf952} {c1d71e5c-5c49-409b-a963-23c63a7cf952}
Debug: edu.umd.cs.guitar.model.WebComponent@1267990a NSB Not supported by edu.umd.cs.guitar.event.WebToggleCheckbox
STEE {c1d71e5c-5c49-409b-a963-23c63a7cf952} {c1d71e5c-5c49-409b-a963-23c63a7cf952}
Ripping a component textarea
STEE {c1d71e5c-5c49-409b-a963-23c63a7cf952} {c1d71e5c-5c49-409b-a963-23c63a7cf952}
STEE {c1d71e5c-5c49-409b-a963-23c63a7cf952} {c1d71e5c-5c49-409b-a963-23c63a7cf952}
Debug: edu.umd.cs.guitar.model.WebComponent@2198a829 NSB Not supported by edu.umd.cs.guitar.event.WebEvent
STEE {c1d71e5c-5c49-409b-a963-23c63a7cf952} {c1d71e5c-5c49-409b-a963-23c63a7cf952}
Debug: edu.umd.cs.guitar.model.WebComponent@2198a829 NSB Not supported by edu.umd.cs.guitar.event.WebToggleCheckbox
STEE {c1d71e5c-5c49-409b-a963-23c63a7cf952} {c1d71e5c-5c49-409b-a963-23c63a7cf952}
Ripping a component textarea
STEE {c1d71e5c-5c49-409b-a963-23c63a7cf952} {c1d71e5c-5c49-409b-a963-23c63a7cf952}
STEE {c1d71e5c-5c49-409b-a963-23c63a7cf952} {c1d71e5c-5c49-409b-a963-23c63a7cf952}
Debug: edu.umd.cs.guitar.model.WebComponent@76e8133e NSB Not supported by edu.umd.cs.guitar.event.WebEvent
STEE {c1d71e5c-5c49-409b-a963-23c63a7cf952} {c1d71e5c-5c49-409b-a963-23c63a7cf952}
Debug: edu.umd.cs.guitar.model.WebComponent@76e8133e NSB Not supported by edu.umd.cs.guitar.event.WebToggleCheckbox
STEE {c1d71e5c-5c49-409b-a963-23c63a7cf952} {c1d71e5c-5c49-409b-a963-23c63a7cf952}
Ripping a component textarea
STEE {c1d71e5c-5c49-409b-a963-23c63a7cf952} {c1d71e5c-5c49-409b-a963-23c63a7cf952}
STEE {c1d71e5c-5c49-409b-a963-23c63a7cf952} {c1d71e5c-5c49-409b-a963-23c63a7cf952}
Debug: edu.umd.cs.guitar.model.WebComponent@21628219 NSB Not supported by edu.umd.cs.guitar.event.WebEvent
STEE {c1d71e5c-5c49-409b-a963-23c63a7cf952} {c1d71e5c-5c49-409b-a963-23c63a7cf952}
Debug: edu.umd.cs.guitar.model.WebComponent@21628219 NSB Not supported by edu.umd.cs.guitar.event.WebToggleCheckbox
STEE {c1d71e5c-5c49-409b-a963-23c63a7cf952} {c1d71e5c-5c49-409b-a963-23c63a7cf952}
Ripping a component textarea
STEE {c1d71e5c-5c49-409b-a963-23c63a7cf952} {c1d71e5c-5c49-409b-a963-23c63a7cf952}
STEE {c1d71e5c-5c49-409b-a963-23c63a7cf952} {c1d71e5c-5c49-409b-a963-23c63a7cf952}
Debug: edu.umd.cs.guitar.model.WebComponent@27864fc6 NSB Not supported by edu.umd.cs.guitar.event.WebEvent
STEE {c1d71e5c-5c49-409b-a963-23c63a7cf952} {c1d71e5c-5c49-409b-a963-23c63a7cf952}
Debug: edu.umd.cs.guitar.model.WebComponent@27864fc6 NSB Not supported by edu.umd.cs.guitar.event.WebToggleCheckbox
STEE {c1d71e5c-5c49-409b-a963-23c63a7cf952} {c1d71e5c-5c49-409b-a963-23c63a7cf952}
Ripping a component div
STEE {c1d71e5c-5c49-409b-a963-23c63a7cf952} {c1d71e5c-5c49-409b-a963-23c63a7cf952}
STEE {c1d71e5c-5c49-409b-a963-23c63a7cf952} {c1d71e5c-5c49-409b-a963-23c63a7cf952}
Debug: edu.umd.cs.guitar.model.WebComponent@4257cc31 NSB Not supported by edu.umd.cs.guitar.event.WebEvent
STEE {c1d71e5c-5c49-409b-a963-23c63a7cf952} {c1d71e5c-5c49-409b-a963-23c63a7cf952}
Debug: edu.umd.cs.guitar.model.WebComponent@4257cc31 NSB Not supported by edu.umd.cs.guitar.event.WebToggleCheckbox
STEE {c1d71e5c-5c49-409b-a963-23c63a7cf952} {c1d71e5c-5c49-409b-a963-23c63a7cf952}
Ripping a component form
STEE {c1d71e5c-5c49-409b-a963-23c63a7cf952} {c1d71e5c-5c49-409b-a963-23c63a7cf952}
STEE {c1d71e5c-5c49-409b-a963-23c63a7cf952} {c1d71e5c-5c49-409b-a963-23c63a7cf952}
Debug: edu.umd.cs.guitar.model.WebComponent@420317e7 NSB Not supported by edu.umd.cs.guitar.event.WebEvent
STEE {c1d71e5c-5c49-409b-a963-23c63a7cf952} {c1d71e5c-5c49-409b-a963-23c63a7cf952}
Debug: edu.umd.cs.guitar.model.WebComponent@420317e7 NSB Not supported by edu.umd.cs.guitar.event.WebToggleCheckbox
STEE {c1d71e5c-5c49-409b-a963-23c63a7cf952} {c1d71e5c-5c49-409b-a963-23c63a7cf952}
Ripping a component input
STEE {c1d71e5c-5c49-409b-a963-23c63a7cf952} {c1d71e5c-5c49-409b-a963-23c63a7cf952}
STEE {c1d71e5c-5c49-409b-a963-23c63a7cf952} {c1d71e5c-5c49-409b-a963-23c63a7cf952}
Debug: edu.umd.cs.guitar.model.WebComponent@2297b72 NSB Not supported by edu.umd.cs.guitar.event.WebEvent
STEE {c1d71e5c-5c49-409b-a963-23c63a7cf952} {c1d71e5c-5c49-409b-a963-23c63a7cf952}
Debug: edu.umd.cs.guitar.model.WebComponent@2297b72 NSB Not supported by edu.umd.cs.guitar.event.WebToggleCheckbox
STEE {c1d71e5c-5c49-409b-a963-23c63a7cf952} {c1d71e5c-5c49-409b-a963-23c63a7cf952}
Ripping a component span
STEE {c1d71e5c-5c49-409b-a963-23c63a7cf952} {c1d71e5c-5c49-409b-a963-23c63a7cf952}
STEE {c1d71e5c-5c49-409b-a963-23c63a7cf952} {c1d71e5c-5c49-409b-a963-23c63a7cf952}
Debug: edu.umd.cs.guitar.model.WebComponent@51a36da1 NSB Not supported by edu.umd.cs.guitar.event.WebEvent
STEE {c1d71e5c-5c49-409b-a963-23c63a7cf952} {c1d71e5c-5c49-409b-a963-23c63a7cf952}
Debug: edu.umd.cs.guitar.model.WebComponent@51a36da1 NSB Not supported by edu.umd.cs.guitar.event.WebToggleCheckbox
STEE {c1d71e5c-5c49-409b-a963-23c63a7cf952} {c1d71e5c-5c49-409b-a963-23c63a7cf952}
Ripping a component input
STEE {c1d71e5c-5c49-409b-a963-23c63a7cf952} {c1d71e5c-5c49-409b-a963-23c63a7cf952}
STEE {c1d71e5c-5c49-409b-a963-23c63a7cf952} {c1d71e5c-5c49-409b-a963-23c63a7cf952}
Debug: edu.umd.cs.guitar.model.WebComponent@2297b72 NSB Not supported by edu.umd.cs.guitar.event.WebEvent
STEE {c1d71e5c-5c49-409b-a963-23c63a7cf952} {c1d71e5c-5c49-409b-a963-23c63a7cf952}
Debug: edu.umd.cs.guitar.model.WebComponent@2297b72 NSB Not supported by edu.umd.cs.guitar.event.WebToggleCheckbox
STEE {c1d71e5c-5c49-409b-a963-23c63a7cf952} {c1d71e5c-5c49-409b-a963-23c63a7cf952}
Ripping a component input
STEE {c1d71e5c-5c49-409b-a963-23c63a7cf952} {c1d71e5c-5c49-409b-a963-23c63a7cf952}
STEE {c1d71e5c-5c49-409b-a963-23c63a7cf952} {c1d71e5c-5c49-409b-a963-23c63a7cf952}
Debug: edu.umd.cs.guitar.model.WebComponent@2297b72 NSB Not supported by edu.umd.cs.guitar.event.WebEvent
STEE {c1d71e5c-5c49-409b-a963-23c63a7cf952} {c1d71e5c-5c49-409b-a963-23c63a7cf952}
Debug: edu.umd.cs.guitar.model.WebComponent@2297b72 NSB Not supported by edu.umd.cs.guitar.event.WebToggleCheckbox
STEE {c1d71e5c-5c49-409b-a963-23c63a7cf952} {c1d71e5c-5c49-409b-a963-23c63a7cf952}
Ripping a component input
STEE {c1d71e5c-5c49-409b-a963-23c63a7cf952} {c1d71e5c-5c49-409b-a963-23c63a7cf952}
STEE {c1d71e5c-5c49-409b-a963-23c63a7cf952} {c1d71e5c-5c49-409b-a963-23c63a7cf952}
Debug: edu.umd.cs.guitar.model.WebComponent@2297b72 NSB Not supported by edu.umd.cs.guitar.event.WebEvent
STEE {c1d71e5c-5c49-409b-a963-23c63a7cf952} {c1d71e5c-5c49-409b-a963-23c63a7cf952}
Debug: edu.umd.cs.guitar.model.WebComponent@2297b72 NSB Not supported by edu.umd.cs.guitar.event.WebToggleCheckbox
STEE {c1d71e5c-5c49-409b-a963-23c63a7cf952} {c1d71e5c-5c49-409b-a963-23c63a7cf952}
Ripping a component div
STEE {c1d71e5c-5c49-409b-a963-23c63a7cf952} {c1d71e5c-5c49-409b-a963-23c63a7cf952}
STEE {c1d71e5c-5c49-409b-a963-23c63a7cf952} {c1d71e5c-5c49-409b-a963-23c63a7cf952}
Debug: edu.umd.cs.guitar.model.WebComponent@6ca86dc5 NSB Not supported by edu.umd.cs.guitar.event.WebEvent
STEE {c1d71e5c-5c49-409b-a963-23c63a7cf952} {c1d71e5c-5c49-409b-a963-23c63a7cf952}
Debug: edu.umd.cs.guitar.model.WebComponent@6ca86dc5 NSB Not supported by edu.umd.cs.guitar.event.WebToggleCheckbox
STEE {c1d71e5c-5c49-409b-a963-23c63a7cf952} {c1d71e5c-5c49-409b-a963-23c63a7cf952}
Ripping a component div
STEE {c1d71e5c-5c49-409b-a963-23c63a7cf952} {c1d71e5c-5c49-409b-a963-23c63a7cf952}
STEE {c1d71e5c-5c49-409b-a963-23c63a7cf952} {c1d71e5c-5c49-409b-a963-23c63a7cf952}
Debug: edu.umd.cs.guitar.model.WebComponent@1a76eade NSB Not supported by edu.umd.cs.guitar.event.WebEvent
STEE {c1d71e5c-5c49-409b-a963-23c63a7cf952} {c1d71e5c-5c49-409b-a963-23c63a7cf952}
Debug: edu.umd.cs.guitar.model.WebComponent@1a76eade NSB Not supported by edu.umd.cs.guitar.event.WebToggleCheckbox
STEE {c1d71e5c-5c49-409b-a963-23c63a7cf952} {c1d71e5c-5c49-409b-a963-23c63a7cf952}
Ripping a component h1
STEE {c1d71e5c-5c49-409b-a963-23c63a7cf952} {c1d71e5c-5c49-409b-a963-23c63a7cf952}
STEE {c1d71e5c-5c49-409b-a963-23c63a7cf952} {c1d71e5c-5c49-409b-a963-23c63a7cf952}
Debug: edu.umd.cs.guitar.model.WebComponent@722b138d NSB Not supported by edu.umd.cs.guitar.event.WebEvent
STEE {c1d71e5c-5c49-409b-a963-23c63a7cf952} {c1d71e5c-5c49-409b-a963-23c63a7cf952}
Debug: edu.umd.cs.guitar.model.WebComponent@722b138d NSB Not supported by edu.umd.cs.guitar.event.WebToggleCheckbox
STEE {c1d71e5c-5c49-409b-a963-23c63a7cf952} {c1d71e5c-5c49-409b-a963-23c63a7cf952}
Ripping a component a
STEE {c1d71e5c-5c49-409b-a963-23c63a7cf952} {c1d71e5c-5c49-409b-a963-23c63a7cf952}
STEE {c1d71e5c-5c49-409b-a963-23c63a7cf952} {c1d71e5c-5c49-409b-a963-23c63a7cf952}
Debug: edu.umd.cs.guitar.model.WebComponent@4cdb528f NSB Not supported by edu.umd.cs.guitar.event.WebEvent
STEE {c1d71e5c-5c49-409b-a963-23c63a7cf952} {c1d71e5c-5c49-409b-a963-23c63a7cf952}
Debug: edu.umd.cs.guitar.model.WebComponent@4cdb528f NSB Not supported by edu.umd.cs.guitar.event.WebToggleCheckbox
STEE {c1d71e5c-5c49-409b-a963-23c63a7cf952} {c1d71e5c-5c49-409b-a963-23c63a7cf952}
Ripping a component img
STEE {c1d71e5c-5c49-409b-a963-23c63a7cf952} {c1d71e5c-5c49-409b-a963-23c63a7cf952}
STEE {c1d71e5c-5c49-409b-a963-23c63a7cf952} {c1d71e5c-5c49-409b-a963-23c63a7cf952}
Debug: edu.umd.cs.guitar.model.WebComponent@6c605f13 NSB Not supported by edu.umd.cs.guitar.event.WebEvent
STEE {c1d71e5c-5c49-409b-a963-23c63a7cf952} {c1d71e5c-5c49-409b-a963-23c63a7cf952}
Debug: edu.umd.cs.guitar.model.WebComponent@6c605f13 NSB Not supported by edu.umd.cs.guitar.event.WebToggleCheckbox
STEE {c1d71e5c-5c49-409b-a963-23c63a7cf952} {c1d71e5c-5c49-409b-a963-23c63a7cf952}
Ripping a component div
STEE {c1d71e5c-5c49-409b-a963-23c63a7cf952} {c1d71e5c-5c49-409b-a963-23c63a7cf952}
STEE {c1d71e5c-5c49-409b-a963-23c63a7cf952} {c1d71e5c-5c49-409b-a963-23c63a7cf952}
Debug: edu.umd.cs.guitar.model.WebComponent@6ca86dc5 NSB Not supported by edu.umd.cs.guitar.event.WebEvent
STEE {c1d71e5c-5c49-409b-a963-23c63a7cf952} {c1d71e5c-5c49-409b-a963-23c63a7cf952}
Debug: edu.umd.cs.guitar.model.WebComponent@6ca86dc5 NSB Not supported by edu.umd.cs.guitar.event.WebToggleCheckbox
STEE {c1d71e5c-5c49-409b-a963-23c63a7cf952} {c1d71e5c-5c49-409b-a963-23c63a7cf952}
Ripping a component table
STEE {c1d71e5c-5c49-409b-a963-23c63a7cf952} {c1d71e5c-5c49-409b-a963-23c63a7cf952}
STEE {c1d71e5c-5c49-409b-a963-23c63a7cf952} {c1d71e5c-5c49-409b-a963-23c63a7cf952}
Debug: edu.umd.cs.guitar.model.WebComponent@31156e76 NSB Not supported by edu.umd.cs.guitar.event.WebEvent
STEE {c1d71e5c-5c49-409b-a963-23c63a7cf952} {c1d71e5c-5c49-409b-a963-23c63a7cf952}
Debug: edu.umd.cs.guitar.model.WebComponent@31156e76 NSB Not supported by edu.umd.cs.guitar.event.WebToggleCheckbox
STEE {c1d71e5c-5c49-409b-a963-23c63a7cf952} {c1d71e5c-5c49-409b-a963-23c63a7cf952}
Ripping a component tbody
STEE {c1d71e5c-5c49-409b-a963-23c63a7cf952} {c1d71e5c-5c49-409b-a963-23c63a7cf952}
STEE {c1d71e5c-5c49-409b-a963-23c63a7cf952} {c1d71e5c-5c49-409b-a963-23c63a7cf952}
Debug: edu.umd.cs.guitar.model.WebComponent@337e20be NSB Not supported by edu.umd.cs.guitar.event.WebEvent
STEE {c1d71e5c-5c49-409b-a963-23c63a7cf952} {c1d71e5c-5c49-409b-a963-23c63a7cf952}
Debug: edu.umd.cs.guitar.model.WebComponent@337e20be NSB Not supported by edu.umd.cs.guitar.event.WebToggleCheckbox
STEE {c1d71e5c-5c49-409b-a963-23c63a7cf952} {c1d71e5c-5c49-409b-a963-23c63a7cf952}
Ripping a component tr
STEE {c1d71e5c-5c49-409b-a963-23c63a7cf952} {c1d71e5c-5c49-409b-a963-23c63a7cf952}
STEE {c1d71e5c-5c49-409b-a963-23c63a7cf952} {c1d71e5c-5c49-409b-a963-23c63a7cf952}
Debug: edu.umd.cs.guitar.model.WebComponent@7224ab18 NSB Not supported by edu.umd.cs.guitar.event.WebEvent
STEE {c1d71e5c-5c49-409b-a963-23c63a7cf952} {c1d71e5c-5c49-409b-a963-23c63a7cf952}
Debug: edu.umd.cs.guitar.model.WebComponent@7224ab18 NSB Not supported by edu.umd.cs.guitar.event.WebToggleCheckbox
STEE {c1d71e5c-5c49-409b-a963-23c63a7cf952} {c1d71e5c-5c49-409b-a963-23c63a7cf952}
Ripping a component td
STEE {c1d71e5c-5c49-409b-a963-23c63a7cf952} {c1d71e5c-5c49-409b-a963-23c63a7cf952}
STEE {c1d71e5c-5c49-409b-a963-23c63a7cf952} {c1d71e5c-5c49-409b-a963-23c63a7cf952}
Debug: edu.umd.cs.guitar.model.WebComponent@7224dfa6 NSB Not supported by edu.umd.cs.guitar.event.WebEvent
STEE {c1d71e5c-5c49-409b-a963-23c63a7cf952} {c1d71e5c-5c49-409b-a963-23c63a7cf952}
Debug: edu.umd.cs.guitar.model.WebComponent@7224dfa6 NSB Not supported by edu.umd.cs.guitar.event.WebToggleCheckbox
STEE {c1d71e5c-5c49-409b-a963-23c63a7cf952} {c1d71e5c-5c49-409b-a963-23c63a7cf952}
Ripping a component table
STEE {c1d71e5c-5c49-409b-a963-23c63a7cf952} {c1d71e5c-5c49-409b-a963-23c63a7cf952}
STEE {c1d71e5c-5c49-409b-a963-23c63a7cf952} {c1d71e5c-5c49-409b-a963-23c63a7cf952}
Debug: edu.umd.cs.guitar.model.WebComponent@379a1ad8 NSB Not supported by edu.umd.cs.guitar.event.WebEvent
STEE {c1d71e5c-5c49-409b-a963-23c63a7cf952} {c1d71e5c-5c49-409b-a963-23c63a7cf952}
Debug: edu.umd.cs.guitar.model.WebComponent@379a1ad8 NSB Not supported by edu.umd.cs.guitar.event.WebToggleCheckbox
STEE {c1d71e5c-5c49-409b-a963-23c63a7cf952} {c1d71e5c-5c49-409b-a963-23c63a7cf952}
Ripping a component tbody
STEE {c1d71e5c-5c49-409b-a963-23c63a7cf952} {c1d71e5c-5c49-409b-a963-23c63a7cf952}
STEE {c1d71e5c-5c49-409b-a963-23c63a7cf952} {c1d71e5c-5c49-409b-a963-23c63a7cf952}
Debug: edu.umd.cs.guitar.model.WebComponent@337e20be NSB Not supported by edu.umd.cs.guitar.event.WebEvent
STEE {c1d71e5c-5c49-409b-a963-23c63a7cf952} {c1d71e5c-5c49-409b-a963-23c63a7cf952}
Debug: edu.umd.cs.guitar.model.WebComponent@337e20be NSB Not supported by edu.umd.cs.guitar.event.WebToggleCheckbox
STEE {c1d71e5c-5c49-409b-a963-23c63a7cf952} {c1d71e5c-5c49-409b-a963-23c63a7cf952}
Ripping a component tr
STEE {c1d71e5c-5c49-409b-a963-23c63a7cf952} {c1d71e5c-5c49-409b-a963-23c63a7cf952}
STEE {c1d71e5c-5c49-409b-a963-23c63a7cf952} {c1d71e5c-5c49-409b-a963-23c63a7cf952}
Debug: edu.umd.cs.guitar.model.WebComponent@7224ab18 NSB Not supported by edu.umd.cs.guitar.event.WebEvent
STEE {c1d71e5c-5c49-409b-a963-23c63a7cf952} {c1d71e5c-5c49-409b-a963-23c63a7cf952}
Debug: edu.umd.cs.guitar.model.WebComponent@7224ab18 NSB Not supported by edu.umd.cs.guitar.event.WebToggleCheckbox
STEE {c1d71e5c-5c49-409b-a963-23c63a7cf952} {c1d71e5c-5c49-409b-a963-23c63a7cf952}
Ripping a component td
STEE {c1d71e5c-5c49-409b-a963-23c63a7cf952} {c1d71e5c-5c49-409b-a963-23c63a7cf952}
STEE {c1d71e5c-5c49-409b-a963-23c63a7cf952} {c1d71e5c-5c49-409b-a963-23c63a7cf952}
Debug: edu.umd.cs.guitar.model.WebComponent@7224dfa6 NSB Not supported by edu.umd.cs.guitar.event.WebEvent
STEE {c1d71e5c-5c49-409b-a963-23c63a7cf952} {c1d71e5c-5c49-409b-a963-23c63a7cf952}
Debug: edu.umd.cs.guitar.model.WebComponent@7224dfa6 NSB Not supported by edu.umd.cs.guitar.event.WebToggleCheckbox
STEE {c1d71e5c-5c49-409b-a963-23c63a7cf952} {c1d71e5c-5c49-409b-a963-23c63a7cf952}
Ripping a component div
STEE {c1d71e5c-5c49-409b-a963-23c63a7cf952} {c1d71e5c-5c49-409b-a963-23c63a7cf952}
STEE {c1d71e5c-5c49-409b-a963-23c63a7cf952} {c1d71e5c-5c49-409b-a963-23c63a7cf952}
Debug: edu.umd.cs.guitar.model.WebComponent@6ca86dc5 NSB Not supported by edu.umd.cs.guitar.event.WebEvent
STEE {c1d71e5c-5c49-409b-a963-23c63a7cf952} {c1d71e5c-5c49-409b-a963-23c63a7cf952}
Debug: edu.umd.cs.guitar.model.WebComponent@6ca86dc5 NSB Not supported by edu.umd.cs.guitar.event.WebToggleCheckbox
STEE {c1d71e5c-5c49-409b-a963-23c63a7cf952} {c1d71e5c-5c49-409b-a963-23c63a7cf952}
Ripping a component table
STEE {c1d71e5c-5c49-409b-a963-23c63a7cf952} {c1d71e5c-5c49-409b-a963-23c63a7cf952}
STEE {c1d71e5c-5c49-409b-a963-23c63a7cf952} {c1d71e5c-5c49-409b-a963-23c63a7cf952}
Debug: edu.umd.cs.guitar.model.WebComponent@31156e76 NSB Not supported by edu.umd.cs.guitar.event.WebEvent
STEE {c1d71e5c-5c49-409b-a963-23c63a7cf952} {c1d71e5c-5c49-409b-a963-23c63a7cf952}
Debug: edu.umd.cs.guitar.model.WebComponent@31156e76 NSB Not supported by edu.umd.cs.guitar.event.WebToggleCheckbox
STEE {c1d71e5c-5c49-409b-a963-23c63a7cf952} {c1d71e5c-5c49-409b-a963-23c63a7cf952}
Ripping a component tbody
STEE {c1d71e5c-5c49-409b-a963-23c63a7cf952} {c1d71e5c-5c49-409b-a963-23c63a7cf952}
STEE {c1d71e5c-5c49-409b-a963-23c63a7cf952} {c1d71e5c-5c49-409b-a963-23c63a7cf952}
Debug: edu.umd.cs.guitar.model.WebComponent@337e20be NSB Not supported by edu.umd.cs.guitar.event.WebEvent
STEE {c1d71e5c-5c49-409b-a963-23c63a7cf952} {c1d71e5c-5c49-409b-a963-23c63a7cf952}
[...]
STEE {c1d71e5c-5c49-409b-a963-23c63a7cf952} {c1d71e5c-5c49-409b-a963-23c63a7cf952}
Ripping a component br
STEE {c1d71e5c-5c49-409b-a963-23c63a7cf952} {c1d71e5c-5c49-409b-a963-23c63a7cf952}
STEE {c1d71e5c-5c49-409b-a963-23c63a7cf952} {c1d71e5c-5c49-409b-a963-23c63a7cf952}
Debug: edu.umd.cs.guitar.model.WebComponent@722cd9c6 NSB Not supported by edu.umd.cs.guitar.event.WebEvent
STEE {c1d71e5c-5c49-409b-a963-23c63a7cf952} {c1d71e5c-5c49-409b-a963-23c63a7cf952}
Debug: edu.umd.cs.guitar.model.WebComponent@722cd9c6 NSB Not supported by edu.umd.cs.guitar.event.WebToggleCheckbox
STEE {c1d71e5c-5c49-409b-a963-23c63a7cf952} {c1d71e5c-5c49-409b-a963-23c63a7cf952}
Ripping a component br
STEE {c1d71e5c-5c49-409b-a963-23c63a7cf952} {c1d71e5c-5c49-409b-a963-23c63a7cf952}
STEE {c1d71e5c-5c49-409b-a963-23c63a7cf952} {c1d71e5c-5c49-409b-a963-23c63a7cf952}
Debug: edu.umd.cs.guitar.model.WebComponent@722cd9c6 NSB Not supported by edu.umd.cs.guitar.event.WebEvent
STEE {c1d71e5c-5c49-409b-a963-23c63a7cf952} {c1d71e5c-5c49-409b-a963-23c63a7cf952}
Debug: edu.umd.cs.guitar.model.WebComponent@722cd9c6 NSB Not supported by edu.umd.cs.guitar.event.WebToggleCheckbox
STEE {c1d71e5c-5c49-409b-a963-23c63a7cf952} {c1d71e5c-5c49-409b-a963-23c63a7cf952}
Ripping a component div
STEE {c1d71e5c-5c49-409b-a963-23c63a7cf952} {c1d71e5c-5c49-409b-a963-23c63a7cf952}
STEE {c1d71e5c-5c49-409b-a963-23c63a7cf952} {c1d71e5c-5c49-409b-a963-23c63a7cf952}
Debug: edu.umd.cs.guitar.model.WebComponent@6caa2665 NSB Not supported by edu.umd.cs.guitar.event.WebEvent
STEE {c1d71e5c-5c49-409b-a963-23c63a7cf952} {c1d71e5c-5c49-409b-a963-23c63a7cf952}
Debug: edu.umd.cs.guitar.model.WebComponent@6caa2665 NSB Not supported by edu.umd.cs.guitar.event.WebToggleCheckbox
STEE {c1d71e5c-5c49-409b-a963-23c63a7cf952} {c1d71e5c-5c49-409b-a963-23c63a7cf952}
Ripping a component span
STEE {c1d71e5c-5c49-409b-a963-23c63a7cf952} {c1d71e5c-5c49-409b-a963-23c63a7cf952}
STEE {c1d71e5c-5c49-409b-a963-23c63a7cf952} {c1d71e5c-5c49-409b-a963-23c63a7cf952}
Debug: edu.umd.cs.guitar.model.WebComponent@5c247ae7 NSB Not supported by edu.umd.cs.guitar.event.WebEvent
STEE {c1d71e5c-5c49-409b-a963-23c63a7cf952} {c1d71e5c-5c49-409b-a963-23c63a7cf952}
Debug: edu.umd.cs.guitar.model.WebComponent@5c247ae7 NSB Not supported by edu.umd.cs.guitar.event.WebToggleCheckbox
STEE {c1d71e5c-5c49-409b-a963-23c63a7cf952} {c1d71e5c-5c49-409b-a963-23c63a7cf952}
Ripping a component center
STEE {c1d71e5c-5c49-409b-a963-23c63a7cf952} {c1d71e5c-5c49-409b-a963-23c63a7cf952}
STEE {c1d71e5c-5c49-409b-a963-23c63a7cf952} {c1d71e5c-5c49-409b-a963-23c63a7cf952}
Debug: edu.umd.cs.guitar.model.WebComponent@683f5a42 NSB Not supported by edu.umd.cs.guitar.event.WebEvent
STEE {c1d71e5c-5c49-409b-a963-23c63a7cf952} {c1d71e5c-5c49-409b-a963-23c63a7cf952}
Debug: edu.umd.cs.guitar.model.WebComponent@683f5a42 NSB Not supported by edu.umd.cs.guitar.event.WebToggleCheckbox
STEE {c1d71e5c-5c49-409b-a963-23c63a7cf952} {c1d71e5c-5c49-409b-a963-23c63a7cf952}
Ripping a component div
STEE {c1d71e5c-5c49-409b-a963-23c63a7cf952} {c1d71e5c-5c49-409b-a963-23c63a7cf952}
STEE {c1d71e5c-5c49-409b-a963-23c63a7cf952} {c1d71e5c-5c49-409b-a963-23c63a7cf952}
Debug: edu.umd.cs.guitar.model.WebComponent@6ca86dc5 NSB Not supported by edu.umd.cs.guitar.event.WebEvent
STEE {c1d71e5c-5c49-409b-a963-23c63a7cf952} {c1d71e5c-5c49-409b-a963-23c63a7cf952}
Debug: edu.umd.cs.guitar.model.WebComponent@6ca86dc5 NSB Not supported by edu.umd.cs.guitar.event.WebToggleCheckbox
STEE {c1d71e5c-5c49-409b-a963-23c63a7cf952} {c1d71e5c-5c49-409b-a963-23c63a7cf952}
Ripping a component div
STEE {c1d71e5c-5c49-409b-a963-23c63a7cf952} {c1d71e5c-5c49-409b-a963-23c63a7cf952}
STEE {c1d71e5c-5c49-409b-a963-23c63a7cf952} {c1d71e5c-5c49-409b-a963-23c63a7cf952}
Debug: edu.umd.cs.guitar.model.WebComponent@6ca9fa2b NSB Not supported by edu.umd.cs.guitar.event.WebEvent
STEE {c1d71e5c-5c49-409b-a963-23c63a7cf952} {c1d71e5c-5c49-409b-a963-23c63a7cf952}
Debug: edu.umd.cs.guitar.model.WebComponent@6ca9fa2b NSB Not supported by edu.umd.cs.guitar.event.WebToggleCheckbox
STEE {c1d71e5c-5c49-409b-a963-23c63a7cf952} {c1d71e5c-5c49-409b-a963-23c63a7cf952}
Ripping a component a
ETL http://www.google.com/intl/en/ads/
STEE {c1d71e5c-5c49-409b-a963-23c63a7cf952} {c1d71e5c-5c49-409b-a963-23c63a7cf952}
STEE {c1d71e5c-5c49-409b-a963-23c63a7cf952} {c1d71e5c-5c49-409b-a963-23c63a7cf952}
Debug: edu.umd.cs.guitar.model.WebComponent@6cb86789 NSB Not supported by edu.umd.cs.guitar.event.WebToggleCheckbox
STEE {c1d71e5c-5c49-409b-a963-23c63a7cf952} {c1d71e5c-5c49-409b-a963-23c63a7cf952}
Ripping a component a
ETL http://www.google.com/services/
STEE {c1d71e5c-5c49-409b-a963-23c63a7cf952} {c1d71e5c-5c49-409b-a963-23c63a7cf952}
STEE {c1d71e5c-5c49-409b-a963-23c63a7cf952} {c1d71e5c-5c49-409b-a963-23c63a7cf952}
Debug: edu.umd.cs.guitar.model.WebComponent@78cb3269 NSB Not supported by edu.umd.cs.guitar.event.WebToggleCheckbox
STEE {c1d71e5c-5c49-409b-a963-23c63a7cf952} {c1d71e5c-5c49-409b-a963-23c63a7cf952}
Ripping a component a
ETL http://www.google.com/intl/en/about.html
STEE {c1d71e5c-5c49-409b-a963-23c63a7cf952} {c1d71e5c-5c49-409b-a963-23c63a7cf952}
STEE {c1d71e5c-5c49-409b-a963-23c63a7cf952} {c1d71e5c-5c49-409b-a963-23c63a7cf952}
Debug: edu.umd.cs.guitar.model.WebComponent@6b594224 NSB Not supported by edu.umd.cs.guitar.event.WebToggleCheckbox
STEE {c1d71e5c-5c49-409b-a963-23c63a7cf952} {c1d71e5c-5c49-409b-a963-23c63a7cf952}
Ripping a component p
STEE {c1d71e5c-5c49-409b-a963-23c63a7cf952} {c1d71e5c-5c49-409b-a963-23c63a7cf952}
STEE {c1d71e5c-5c49-409b-a963-23c63a7cf952} {c1d71e5c-5c49-409b-a963-23c63a7cf952}
Debug: edu.umd.cs.guitar.model.WebComponent@72596da6 NSB Not supported by edu.umd.cs.guitar.event.WebEvent
STEE {c1d71e5c-5c49-409b-a963-23c63a7cf952} {c1d71e5c-5c49-409b-a963-23c63a7cf952}
Debug: edu.umd.cs.guitar.model.WebComponent@72596da6 NSB Not supported by edu.umd.cs.guitar.event.WebToggleCheckbox
STEE {c1d71e5c-5c49-409b-a963-23c63a7cf952} {c1d71e5c-5c49-409b-a963-23c63a7cf952}
Ripping a component a
ETL http://www.google.com/intl/en/privacy.html
STEE {c1d71e5c-5c49-409b-a963-23c63a7cf952} {c1d71e5c-5c49-409b-a963-23c63a7cf952}
STEE {c1d71e5c-5c49-409b-a963-23c63a7cf952} {c1d71e5c-5c49-409b-a963-23c63a7cf952}
Debug: edu.umd.cs.guitar.model.WebComponent@1038ba49 NSB Not supported by edu.umd.cs.guitar.event.WebToggleCheckbox
STEE {c1d71e5c-5c49-409b-a963-23c63a7cf952} {c1d71e5c-5c49-409b-a963-23c63a7cf952}
Ripping a component script
STEE {c1d71e5c-5c49-409b-a963-23c63a7cf952} {c1d71e5c-5c49-409b-a963-23c63a7cf952}
STEE {c1d71e5c-5c49-409b-a963-23c63a7cf952} {c1d71e5c-5c49-409b-a963-23c63a7cf952}
Debug: edu.umd.cs.guitar.model.WebComponent@7d0d068f NSB Not supported by edu.umd.cs.guitar.event.WebEvent
STEE {c1d71e5c-5c49-409b-a963-23c63a7cf952} {c1d71e5c-5c49-409b-a963-23c63a7cf952}
Debug: edu.umd.cs.guitar.model.WebComponent@7d0d068f NSB Not supported by edu.umd.cs.guitar.event.WebToggleCheckbox
STEE {c1d71e5c-5c49-409b-a963-23c63a7cf952} {c1d71e5c-5c49-409b-a963-23c63a7cf952}
Ripping a component script
STEE {c1d71e5c-5c49-409b-a963-23c63a7cf952} {c1d71e5c-5c49-409b-a963-23c63a7cf952}
STEE {c1d71e5c-5c49-409b-a963-23c63a7cf952} {c1d71e5c-5c49-409b-a963-23c63a7cf952}
Debug: edu.umd.cs.guitar.model.WebComponent@7d0d068f NSB Not supported by edu.umd.cs.guitar.event.WebEvent
STEE {c1d71e5c-5c49-409b-a963-23c63a7cf952} {c1d71e5c-5c49-409b-a963-23c63a7cf952}
Debug: edu.umd.cs.guitar.model.WebComponent@7d0d068f NSB Not supported by edu.umd.cs.guitar.event.WebToggleCheckbox
STEE {c1d71e5c-5c49-409b-a963-23c63a7cf952} {c1d71e5c-5c49-409b-a963-23c63a7cf952}
Ripping a component div
STEE {c1d71e5c-5c49-409b-a963-23c63a7cf952} {c1d71e5c-5c49-409b-a963-23c63a7cf952}
STEE {c1d71e5c-5c49-409b-a963-23c63a7cf952} {c1d71e5c-5c49-409b-a963-23c63a7cf952}
Debug: edu.umd.cs.guitar.model.WebComponent@6ca9ef5e NSB Not supported by edu.umd.cs.guitar.event.WebEvent
STEE {c1d71e5c-5c49-409b-a963-23c63a7cf952} {c1d71e5c-5c49-409b-a963-23c63a7cf952}
Debug: edu.umd.cs.guitar.model.WebComponent@6ca9ef5e NSB Not supported by edu.umd.cs.guitar.event.WebToggleCheckbox
STEE {c1d71e5c-5c49-409b-a963-23c63a7cf952} {c1d71e5c-5c49-409b-a963-23c63a7cf952}
Ripping a component a
ETL http://www.google.com/javascript:void(0)
STEE {c1d71e5c-5c49-409b-a963-23c63a7cf952} {c1d71e5c-5c49-409b-a963-23c63a7cf952}
STEE {c1d71e5c-5c49-409b-a963-23c63a7cf952} {c1d71e5c-5c49-409b-a963-23c63a7cf952}
Debug: edu.umd.cs.guitar.model.WebComponent@5cb2b9ab NSB Not supported by edu.umd.cs.guitar.event.WebToggleCheckbox
STEE {c1d71e5c-5c49-409b-a963-23c63a7cf952} {c1d71e5c-5c49-409b-a963-23c63a7cf952}
Ripping a component div
STEE {c1d71e5c-5c49-409b-a963-23c63a7cf952} {c1d71e5c-5c49-409b-a963-23c63a7cf952}
STEE {c1d71e5c-5c49-409b-a963-23c63a7cf952} {c1d71e5c-5c49-409b-a963-23c63a7cf952}
Debug: edu.umd.cs.guitar.model.WebComponent@6ce09688 NSB Not supported by edu.umd.cs.guitar.event.WebEvent
STEE {c1d71e5c-5c49-409b-a963-23c63a7cf952} {c1d71e5c-5c49-409b-a963-23c63a7cf952}
Debug: edu.umd.cs.guitar.model.WebComponent@6ce09688 NSB Not supported by edu.umd.cs.guitar.event.WebToggleCheckbox
STEE {c1d71e5c-5c49-409b-a963-23c63a7cf952} {c1d71e5c-5c49-409b-a963-23c63a7cf952}
Ripping a component script
STEE {c1d71e5c-5c49-409b-a963-23c63a7cf952} {c1d71e5c-5c49-409b-a963-23c63a7cf952}
STEE {c1d71e5c-5c49-409b-a963-23c63a7cf952} {c1d71e5c-5c49-409b-a963-23c63a7cf952}
Debug: edu.umd.cs.guitar.model.WebComponent@7d0d068f NSB Not supported by edu.umd.cs.guitar.event.WebEvent
STEE {c1d71e5c-5c49-409b-a963-23c63a7cf952} {c1d71e5c-5c49-409b-a963-23c63a7cf952}
Debug: edu.umd.cs.guitar.model.WebComponent@7d0d068f NSB Not supported by edu.umd.cs.guitar.event.WebToggleCheckbox
STEE {c1d71e5c-5c49-409b-a963-23c63a7cf952} {c1d71e5c-5c49-409b-a963-23c63a7cf952}
Ripping a component script
STEE {c1d71e5c-5c49-409b-a963-23c63a7cf952} {c1d71e5c-5c49-409b-a963-23c63a7cf952}
STEE {c1d71e5c-5c49-409b-a963-23c63a7cf952} {c1d71e5c-5c49-409b-a963-23c63a7cf952}
Debug: edu.umd.cs.guitar.model.WebComponent@7d0d068f NSB Not supported by edu.umd.cs.guitar.event.WebEvent
STEE {c1d71e5c-5c49-409b-a963-23c63a7cf952} {c1d71e5c-5c49-409b-a963-23c63a7cf952}
Debug: edu.umd.cs.guitar.model.WebComponent@7d0d068f NSB Not supported by edu.umd.cs.guitar.event.WebToggleCheckbox
STEE {c1d71e5c-5c49-409b-a963-23c63a7cf952} {c1d71e5c-5c49-409b-a963-23c63a7cf952}
Ripping a component div
STEE {c1d71e5c-5c49-409b-a963-23c63a7cf952} {c1d71e5c-5c49-409b-a963-23c63a7cf952}
STEE {c1d71e5c-5c49-409b-a963-23c63a7cf952} {c1d71e5c-5c49-409b-a963-23c63a7cf952}
Debug: edu.umd.cs.guitar.model.WebComponent@6ce0968d NSB Not supported by edu.umd.cs.guitar.event.WebEvent
STEE {c1d71e5c-5c49-409b-a963-23c63a7cf952} {c1d71e5c-5c49-409b-a963-23c63a7cf952}
Debug: edu.umd.cs.guitar.model.WebComponent@6ce0968d NSB Not supported by edu.umd.cs.guitar.event.WebToggleCheckbox
STEE {c1d71e5c-5c49-409b-a963-23c63a7cf952} {c1d71e5c-5c49-409b-a963-23c63a7cf952}
Ripping a component script
STEE {c1d71e5c-5c49-409b-a963-23c63a7cf952} {c1d71e5c-5c49-409b-a963-23c63a7cf952}
STEE {c1d71e5c-5c49-409b-a963-23c63a7cf952} {c1d71e5c-5c49-409b-a963-23c63a7cf952}
Debug: edu.umd.cs.guitar.model.WebComponent@7d0d068f NSB Not supported by edu.umd.cs.guitar.event.WebEvent
STEE {c1d71e5c-5c49-409b-a963-23c63a7cf952} {c1d71e5c-5c49-409b-a963-23c63a7cf952}
Debug: edu.umd.cs.guitar.model.WebComponent@7d0d068f NSB Not supported by edu.umd.cs.guitar.event.WebToggleCheckbox
STEE {c1d71e5c-5c49-409b-a963-23c63a7cf952} {c1d71e5c-5c49-409b-a963-23c63a7cf952}
Ripping a component script
STEE {c1d71e5c-5c49-409b-a963-23c63a7cf952} {c1d71e5c-5c49-409b-a963-23c63a7cf952}
STEE {c1d71e5c-5c49-409b-a963-23c63a7cf952} {c1d71e5c-5c49-409b-a963-23c63a7cf952}
Debug: edu.umd.cs.guitar.model.WebComponent@7d0d068f NSB Not supported by edu.umd.cs.guitar.event.WebEvent
STEE {c1d71e5c-5c49-409b-a963-23c63a7cf952} {c1d71e5c-5c49-409b-a963-23c63a7cf952}
Debug: edu.umd.cs.guitar.model.WebComponent@7d0d068f NSB Not supported by edu.umd.cs.guitar.event.WebToggleCheckbox
STEE {c1d71e5c-5c49-409b-a963-23c63a7cf952} {c1d71e5c-5c49-409b-a963-23c63a7cf952}
Ripping a component script
STEE {c1d71e5c-5c49-409b-a963-23c63a7cf952} {c1d71e5c-5c49-409b-a963-23c63a7cf952}
STEE {c1d71e5c-5c49-409b-a963-23c63a7cf952} {c1d71e5c-5c49-409b-a963-23c63a7cf952}
Debug: edu.umd.cs.guitar.model.WebComponent@7d0d068f NSB Not supported by edu.umd.cs.guitar.event.WebEvent
STEE {c1d71e5c-5c49-409b-a963-23c63a7cf952} {c1d71e5c-5c49-409b-a963-23c63a7cf952}
Debug: edu.umd.cs.guitar.model.WebComponent@7d0d068f NSB Not supported by edu.umd.cs.guitar.event.WebToggleCheckbox
STEE {c1d71e5c-5c49-409b-a963-23c63a7cf952} {c1d71e5c-5c49-409b-a963-23c63a7cf952}
ERROR  execute, RipperMain: 
org.openqa.selenium.WebDriverException: org.apache.http.conn.HttpHostConnectException: Connection to http://127.0.0.1:7055 refused
System info: os.name: 'Linux', os.arch: 'i386', os.version: '2.6.32-29-generic', java.version: '1.6.0_22'
Driver info: driver.version: RemoteWebDriver
	at org.openqa.selenium.remote.RemoteWebDriver.execute(RemoteWebDriver.java:392)
	at org.openqa.selenium.remote.RemoteWebDriver.execute(RemoteWebDriver.java:399)
	at org.openqa.selenium.remote.RemoteWebDriver.quit(RemoteWebDriver.java:275)
	at edu.umd.cs.guitar.ripper.WebRipperMonitor.cleanUp(WebRipperMonitor.java:83)
	at edu.umd.cs.guitar.ripper.Ripper.execute(Ripper.java:214)
	at edu.umd.cs.guitar.ripper.RipperMain.execute(RipperMain.java:52)
	at edu.umd.cs.guitar.ripper.testRipperIntegration.testRipperToEFG(testRipperIntegration.java:26)
	at sun.reflect.NativeMethodAccessorImpl.invoke0(Native Method)
	at sun.reflect.NativeMethodAccessorImpl.invoke(NativeMethodAccessorImpl.java:39)
	at sun.reflect.DelegatingMethodAccessorImpl.invoke(DelegatingMethodAccessorImpl.java:25)
	at java.lang.reflect.Method.invoke(Method.java:597)
	at junit.framework.TestCase.runTest(TestCase.java:164)
	at junit.framework.TestCase.runBare(TestCase.java:130)
	at junit.framework.TestResult$1.protect(TestResult.java:106)
	at junit.framework.TestResult.runProtected(TestResult.java:124)
	at junit.framework.TestResult.run(TestResult.java:109)
	at junit.framework.TestCase.run(TestCase.java:120)
	at junit.framework.TestSuite.runTest(TestSuite.java:230)
	at junit.framework.TestSuite.run(TestSuite.java:225)
	at org.junit.internal.runners.JUnit38ClassRunner.run(JUnit38ClassRunner.java:83)
	at junit.framework.JUnit4TestAdapter.run(JUnit4TestAdapter.java:39)
	at org.apache.tools.ant.taskdefs.optional.junit.JUnitTestRunner.run(JUnitTestRunner.java:420)
	at org.apache.tools.ant.taskdefs.optional.junit.JUnitTestRunner.launch(JUnitTestRunner.java:911)
	at org.apache.tools.ant.taskdefs.optional.junit.JUnitTestRunner.main(JUnitTestRunner.java:768)
Caused by: org.apache.http.conn.HttpHostConnectException: Connection to http://127.0.0.1:7055 refused
	at org.apache.http.impl.conn.DefaultClientConnectionOperator.openConnection(DefaultClientConnectionOperator.java:159)
	at org.apache.http.impl.conn.AbstractPoolEntry.open(AbstractPoolEntry.java:149)
	at org.apache.http.impl.conn.AbstractPooledConnAdapter.open(AbstractPooledConnAdapter.java:108)
	at org.apache.http.impl.client.DefaultRequestDirector.execute(DefaultRequestDirector.java:415)
	at org.apache.http.impl.client.AbstractHttpClient.execute(AbstractHttpClient.java:641)
	at org.openqa.selenium.remote.HttpCommandExecutor.execute(HttpCommandExecutor.java:231)
	at org.openqa.selenium.firefox.internal.NewProfileExtensionConnection.execute(NewProfileExtensionConnection.java:123)
	at org.openqa.selenium.firefox.FirefoxDriver$LazyCommandExecutor.execute(FirefoxDriver.java:252)
	at org.openqa.selenium.remote.RemoteWebDriver.execute(RemoteWebDriver.java:379)
	... 23 more
Caused by: java.net.ConnectException: Connection refused
	at java.net.PlainSocketImpl.socketConnect(Native Method)
	at java.net.PlainSocketImpl.doConnect(PlainSocketImpl.java:333)
	at java.net.PlainSocketImpl.connectToAddress(PlainSocketImpl.java:195)
	at java.net.PlainSocketImpl.connect(PlainSocketImpl.java:182)
	at java.net.SocksSocketImpl.connect(SocksSocketImpl.java:366)
	at java.net.Socket.connect(Socket.java:529)
	at org.openqa.selenium.remote.ReusingSocketSocketFactory.connectSocket(ReusingSocketSocketFactory.java:122)
	at org.apache.http.impl.conn.DefaultClientConnectionOperator.openConnection(DefaultClientConnectionOperator.java:133)
	... 31 more
size: 1
Parsing follow relations....
Done

Getting initial events....
Total: 18
Done
Debugging.........
================================
Analyzing e4058306416-w4058306416
Pred: []
================================
Analyzing e3989077912-w3989077912
Pred: []
================================
Analyzing e2726050860-w2726050860
Pred: []
================================
Analyzing e829985676-w829985676
Pred: []
================================
Analyzing e745380296-w745380296
Pred: []
================================
Analyzing e2417185084-w2417185084
Pred: []
================================
Analyzing e3705692484-w3705692484
Pred: []
================================
Analyzing e29598580-w29598580
Pred: []
================================
Analyzing e3075397432-w3075397432
Pred: []
================================
Analyzing e2581637512-w2581637512
Pred: []
================================
Analyzing e4074650640-w4074650640
Pred: []
================================
Analyzing e4182391496-w4182391496
Pred: []
================================
Analyzing e1114703368-w1114703368
Pred: []
================================
Analyzing e1856001944-w1856001944
Pred: []
================================
Analyzing e1045769240-w1045769240
Pred: []
================================
Analyzing e3471244876-w3471244876
Pred: []
================================
Analyzing e2781011336-w2781011336
Pred: []
================================
Analyzing e3459980320-w3459980320
Pred: []
Debugging: DONE.........
Writting to null/t_e4058306416.tst
ERROR  writeObjToFile, null/t_e4058306416.tst NOT FOUND!!!
]]></system-out>
  <system-err><![CDATA[log4j:ERROR Could not read configuration file [log4j.properties].
java.io.FileNotFoundException: log4j.properties (No such file or directory)
	at java.io.FileInputStream.open(Native Method)
	at java.io.FileInputStream.<init>(FileInputStream.java:106)
	at java.io.FileInputStream.<init>(FileInputStream.java:66)
	at org.apache.log4j.PropertyConfigurator.doConfigure(PropertyConfigurator.java:297)
	at org.apache.log4j.PropertyConfigurator.configure(PropertyConfigurator.java:315)
	at edu.umd.cs.guitar.ripper.RipperMain.execute(RipperMain.java:43)
	at edu.umd.cs.guitar.ripper.testRipperIntegration.testRipperToEFG(testRipperIntegration.java:26)
	at sun.reflect.NativeMethodAccessorImpl.invoke0(Native Method)
	at sun.reflect.NativeMethodAccessorImpl.invoke(NativeMethodAccessorImpl.java:39)
	at sun.reflect.DelegatingMethodAccessorImpl.invoke(DelegatingMethodAccessorImpl.java:25)
	at java.lang.reflect.Method.invoke(Method.java:597)
	at junit.framework.TestCase.runTest(TestCase.java:164)
	at junit.framework.TestCase.runBare(TestCase.java:130)
	at junit.framework.TestResult$1.protect(TestResult.java:106)
	at junit.framework.TestResult.runProtected(TestResult.java:124)
	at junit.framework.TestResult.run(TestResult.java:109)
	at junit.framework.TestCase.run(TestCase.java:120)
	at junit.framework.TestSuite.runTest(TestSuite.java:230)
	at junit.framework.TestSuite.run(TestSuite.java:225)
	at org.junit.internal.runners.JUnit38ClassRunner.run(JUnit38ClassRunner.java:83)
	at junit.framework.JUnit4TestAdapter.run(JUnit4TestAdapter.java:39)
	at org.apache.tools.ant.taskdefs.optional.junit.JUnitTestRunner.run(JUnitTestRunner.java:420)
	at org.apache.tools.ant.taskdefs.optional.junit.JUnitTestRunner.launch(JUnitTestRunner.java:911)
	at org.apache.tools.ant.taskdefs.optional.junit.JUnitTestRunner.main(JUnitTestRunner.java:768)
log4j:ERROR Ignoring configuration file [log4j.properties].
]]></system-err>
</testsuite>
